ERROR - 2021-05-25 05:21:13 --> Error connecting to the database: No connection could be made because the target machine actively refused it.

CRITICAL - 2021-05-25 05:21:13 --> Unable to connect to the database.
#0 D:\xampp\htdocs\OCORS\OCORS-CI4\system\Database\BaseConnection.php(618): CodeIgniter\Database\BaseConnection->initialize()
#1 D:\xampp\htdocs\OCORS\OCORS-CI4\system\Database\BaseBuilder.php(1866): CodeIgniter\Database\BaseConnection->query('SELECT *\nFROM `...', Array, false)
#2 D:\xampp\htdocs\OCORS\OCORS-CI4\system\Model.php(213): CodeIgniter\Database\BaseBuilder->get()
#3 D:\xampp\htdocs\OCORS\OCORS-CI4\system\BaseModel.php(583): CodeIgniter\Model->doFindAll(10, 0)
#4 D:\xampp\htdocs\OCORS\OCORS-CI4\app\Controllers\Home.php(40): CodeIgniter\BaseModel->findAll(10)
#5 D:\xampp\htdocs\OCORS\OCORS-CI4\system\CodeIgniter.php(936): App\Controllers\Home->index()
#6 D:\xampp\htdocs\OCORS\OCORS-CI4\system\CodeIgniter.php(432): CodeIgniter\CodeIgniter->runController(Object(App\Controllers\Home))
#7 D:\xampp\htdocs\OCORS\OCORS-CI4\system\CodeIgniter.php(333): CodeIgniter\CodeIgniter->handleRequest(NULL, Object(Config\Cache), false)
#8 D:\xampp\htdocs\OCORS\OCORS-CI4\public\index.php(44): CodeIgniter\CodeIgniter->run()
#9 D:\xampp\htdocs\OCORS\OCORS-CI4\system\Commands\Server\rewrite.php(45): require_once('D:\\xampp\\htdocs...')
#10 {main}
CRITICAL - 2021-05-25 05:21:13 --> Uncaught ErrorException: print_r(): Property access is not allowed yet in D:\xampp\htdocs\OCORS\OCORS-CI4\app\Views\errors\html\error_exception.php:100
Stack trace:
#0 [internal function]: CodeIgniter\Debug\Exceptions->errorHandler(2, 'print_r(): Prop...', 'D:\\xampp\\htdocs...', 100, Array)
#1 D:\xampp\htdocs\OCORS\OCORS-CI4\app\Views\errors\html\error_exception.php(100): print_r(Object(App\Controllers\Home), true)
#2 D:\xampp\htdocs\OCORS\OCORS-CI4\system\Debug\Exceptions.php(281): include('D:\\xampp\\htdocs...')
#3 D:\xampp\htdocs\OCORS\OCORS-CI4\system\Debug\Exceptions.php(147): CodeIgniter\Debug\Exceptions->render(Object(CodeIgniter\Database\Exceptions\DatabaseException), 500)
#4 [internal function]: CodeIgniter\Debug\Exceptions->exceptionHandler(Object(CodeIgniter\Database\Exceptions\DatabaseException))
#5 {main}
  thrown
#0 [internal function]: CodeIgniter\Debug\Exceptions->shutdownHandler()
#1 {main}
ERROR - 2021-05-25 05:21:50 --> Error connecting to the database: No connection could be made because the target machine actively refused it.

CRITICAL - 2021-05-25 05:21:50 --> Unable to connect to the database.
#0 D:\xampp\htdocs\OCORS\OCORS-CI4\system\Database\BaseConnection.php(618): CodeIgniter\Database\BaseConnection->initialize()
#1 D:\xampp\htdocs\OCORS\OCORS-CI4\system\Database\BaseBuilder.php(1866): CodeIgniter\Database\BaseConnection->query('SELECT *\nFROM `...', Array, false)
#2 D:\xampp\htdocs\OCORS\OCORS-CI4\system\Model.php(213): CodeIgniter\Database\BaseBuilder->get()
#3 D:\xampp\htdocs\OCORS\OCORS-CI4\system\BaseModel.php(583): CodeIgniter\Model->doFindAll(10, 0)
#4 D:\xampp\htdocs\OCORS\OCORS-CI4\app\Controllers\Home.php(40): CodeIgniter\BaseModel->findAll(10)
#5 D:\xampp\htdocs\OCORS\OCORS-CI4\system\CodeIgniter.php(936): App\Controllers\Home->index()
#6 D:\xampp\htdocs\OCORS\OCORS-CI4\system\CodeIgniter.php(432): CodeIgniter\CodeIgniter->runController(Object(App\Controllers\Home))
#7 D:\xampp\htdocs\OCORS\OCORS-CI4\system\CodeIgniter.php(333): CodeIgniter\CodeIgniter->handleRequest(NULL, Object(Config\Cache), false)
#8 D:\xampp\htdocs\OCORS\OCORS-CI4\public\index.php(44): CodeIgniter\CodeIgniter->run()
#9 D:\xampp\htdocs\OCORS\OCORS-CI4\system\Commands\Server\rewrite.php(45): require_once('D:\\xampp\\htdocs...')
#10 {main}
CRITICAL - 2021-05-25 05:21:51 --> Uncaught ErrorException: print_r(): Property access is not allowed yet in D:\xampp\htdocs\OCORS\OCORS-CI4\app\Views\errors\html\error_exception.php:100
Stack trace:
#0 [internal function]: CodeIgniter\Debug\Exceptions->errorHandler(2, 'print_r(): Prop...', 'D:\\xampp\\htdocs...', 100, Array)
#1 D:\xampp\htdocs\OCORS\OCORS-CI4\app\Views\errors\html\error_exception.php(100): print_r(Object(App\Controllers\Home), true)
#2 D:\xampp\htdocs\OCORS\OCORS-CI4\system\Debug\Exceptions.php(281): include('D:\\xampp\\htdocs...')
#3 D:\xampp\htdocs\OCORS\OCORS-CI4\system\Debug\Exceptions.php(147): CodeIgniter\Debug\Exceptions->render(Object(CodeIgniter\Database\Exceptions\DatabaseException), 500)
#4 [internal function]: CodeIgniter\Debug\Exceptions->exceptionHandler(Object(CodeIgniter\Database\Exceptions\DatabaseException))
#5 {main}
  thrown
#0 [internal function]: CodeIgniter\Debug\Exceptions->shutdownHandler()
#1 {main}
CRITICAL - 2021-05-25 06:33:14 --> Class 'App\Controllers\Admin\ZipArchive' not found
#0 D:\xampp\htdocs\OCORS\OCORS-CI4\system\CodeIgniter.php(936): App\Controllers\Admin\Upload->save()
#1 D:\xampp\htdocs\OCORS\OCORS-CI4\system\CodeIgniter.php(432): CodeIgniter\CodeIgniter->runController(Object(App\Controllers\Admin\Upload))
#2 D:\xampp\htdocs\OCORS\OCORS-CI4\system\CodeIgniter.php(333): CodeIgniter\CodeIgniter->handleRequest(NULL, Object(Config\Cache), false)
#3 D:\xampp\htdocs\OCORS\OCORS-CI4\public\index.php(44): CodeIgniter\CodeIgniter->run()
#4 D:\xampp\htdocs\OCORS\OCORS-CI4\system\Commands\Server\rewrite.php(45): require_once('D:\\xampp\\htdocs...')
#5 {main}
CRITICAL - 2021-05-25 06:33:26 --> Class 'App\Controllers\Admin\ZipArchive' not found
#0 D:\xampp\htdocs\OCORS\OCORS-CI4\system\CodeIgniter.php(936): App\Controllers\Admin\Upload->save()
#1 D:\xampp\htdocs\OCORS\OCORS-CI4\system\CodeIgniter.php(432): CodeIgniter\CodeIgniter->runController(Object(App\Controllers\Admin\Upload))
#2 D:\xampp\htdocs\OCORS\OCORS-CI4\system\CodeIgniter.php(333): CodeIgniter\CodeIgniter->handleRequest(NULL, Object(Config\Cache), false)
#3 D:\xampp\htdocs\OCORS\OCORS-CI4\public\index.php(44): CodeIgniter\CodeIgniter->run()
#4 D:\xampp\htdocs\OCORS\OCORS-CI4\system\Commands\Server\rewrite.php(45): require_once('D:\\xampp\\htdocs...')
#5 {main}
CRITICAL - 2021-05-25 06:36:05 --> Class 'App\Controllers\Admin\ZipArchive' not found
#0 D:\xampp\htdocs\OCORS\OCORS-CI4\system\CodeIgniter.php(936): App\Controllers\Admin\Upload->save()
#1 D:\xampp\htdocs\OCORS\OCORS-CI4\system\CodeIgniter.php(432): CodeIgniter\CodeIgniter->runController(Object(App\Controllers\Admin\Upload))
#2 D:\xampp\htdocs\OCORS\OCORS-CI4\system\CodeIgniter.php(333): CodeIgniter\CodeIgniter->handleRequest(NULL, Object(Config\Cache), false)
#3 D:\xampp\htdocs\OCORS\OCORS-CI4\public\index.php(44): CodeIgniter\CodeIgniter->run()
#4 D:\xampp\htdocs\OCORS\OCORS-CI4\system\Commands\Server\rewrite.php(45): require_once('D:\\xampp\\htdocs...')
#5 {main}
CRITICAL - 2021-05-25 06:38:59 --> ZipArchive::open(): Empty string as source
#0 [internal function]: CodeIgniter\Debug\Exceptions->errorHandler(2, 'ZipArchive::ope...', 'D:\\xampp\\htdocs...', 43, Array)
#1 D:\xampp\htdocs\OCORS\OCORS-CI4\app\Controllers\Admin\Upload.php(43): ZipArchive->open('')
#2 D:\xampp\htdocs\OCORS\OCORS-CI4\system\CodeIgniter.php(936): App\Controllers\Admin\Upload->save()
#3 D:\xampp\htdocs\OCORS\OCORS-CI4\system\CodeIgniter.php(432): CodeIgniter\CodeIgniter->runController(Object(App\Controllers\Admin\Upload))
#4 D:\xampp\htdocs\OCORS\OCORS-CI4\system\CodeIgniter.php(333): CodeIgniter\CodeIgniter->handleRequest(NULL, Object(Config\Cache), false)
#5 D:\xampp\htdocs\OCORS\OCORS-CI4\public\index.php(44): CodeIgniter\CodeIgniter->run()
#6 D:\xampp\htdocs\OCORS\OCORS-CI4\system\Commands\Server\rewrite.php(45): require_once('D:\\xampp\\htdocs...')
#7 {main}
CRITICAL - 2021-05-25 06:39:15 --> ZipArchive::open(): Empty string as source
#0 [internal function]: CodeIgniter\Debug\Exceptions->errorHandler(2, 'ZipArchive::ope...', 'D:\\xampp\\htdocs...', 43, Array)
#1 D:\xampp\htdocs\OCORS\OCORS-CI4\app\Controllers\Admin\Upload.php(43): ZipArchive->open('')
#2 D:\xampp\htdocs\OCORS\OCORS-CI4\system\CodeIgniter.php(936): App\Controllers\Admin\Upload->save()
#3 D:\xampp\htdocs\OCORS\OCORS-CI4\system\CodeIgniter.php(432): CodeIgniter\CodeIgniter->runController(Object(App\Controllers\Admin\Upload))
#4 D:\xampp\htdocs\OCORS\OCORS-CI4\system\CodeIgniter.php(333): CodeIgniter\CodeIgniter->handleRequest(NULL, Object(Config\Cache), false)
#5 D:\xampp\htdocs\OCORS\OCORS-CI4\public\index.php(44): CodeIgniter\CodeIgniter->run()
#6 D:\xampp\htdocs\OCORS\OCORS-CI4\system\Commands\Server\rewrite.php(45): require_once('D:\\xampp\\htdocs...')
#7 {main}
CRITICAL - 2021-05-25 06:45:41 --> Trying to get property 'items' of non-object
#0 D:\xampp\htdocs\OCORS\OCORS-CI4\app\Controllers\Admin\Upload.php(43): CodeIgniter\Debug\Exceptions->errorHandler(8, 'Trying to get p...', 'D:\\xampp\\htdocs...', 43, Array)
#1 D:\xampp\htdocs\OCORS\OCORS-CI4\system\CodeIgniter.php(936): App\Controllers\Admin\Upload->save()
#2 D:\xampp\htdocs\OCORS\OCORS-CI4\system\CodeIgniter.php(432): CodeIgniter\CodeIgniter->runController(Object(App\Controllers\Admin\Upload))
#3 D:\xampp\htdocs\OCORS\OCORS-CI4\system\CodeIgniter.php(333): CodeIgniter\CodeIgniter->handleRequest(NULL, Object(Config\Cache), false)
#4 D:\xampp\htdocs\OCORS\OCORS-CI4\public\index.php(44): CodeIgniter\CodeIgniter->run()
#5 D:\xampp\htdocs\OCORS\OCORS-CI4\system\Commands\Server\rewrite.php(45): require_once('D:\\xampp\\htdocs...')
#6 {main}
CRITICAL - 2021-05-25 06:45:46 --> Call to a member function items() on bool
#0 D:\xampp\htdocs\OCORS\OCORS-CI4\system\CodeIgniter.php(936): App\Controllers\Admin\Upload->save()
#1 D:\xampp\htdocs\OCORS\OCORS-CI4\system\CodeIgniter.php(432): CodeIgniter\CodeIgniter->runController(Object(App\Controllers\Admin\Upload))
#2 D:\xampp\htdocs\OCORS\OCORS-CI4\system\CodeIgniter.php(333): CodeIgniter\CodeIgniter->handleRequest(NULL, Object(Config\Cache), false)
#3 D:\xampp\htdocs\OCORS\OCORS-CI4\public\index.php(44): CodeIgniter\CodeIgniter->run()
#4 D:\xampp\htdocs\OCORS\OCORS-CI4\system\Commands\Server\rewrite.php(45): require_once('D:\\xampp\\htdocs...')
#5 {main}
CRITICAL - 2021-05-25 06:47:18 --> Call to a member function getNameIndex() on bool
#0 D:\xampp\htdocs\OCORS\OCORS-CI4\system\CodeIgniter.php(936): App\Controllers\Admin\Upload->save()
#1 D:\xampp\htdocs\OCORS\OCORS-CI4\system\CodeIgniter.php(432): CodeIgniter\CodeIgniter->runController(Object(App\Controllers\Admin\Upload))
#2 D:\xampp\htdocs\OCORS\OCORS-CI4\system\CodeIgniter.php(333): CodeIgniter\CodeIgniter->handleRequest(NULL, Object(Config\Cache), false)
#3 D:\xampp\htdocs\OCORS\OCORS-CI4\public\index.php(44): CodeIgniter\CodeIgniter->run()
#4 D:\xampp\htdocs\OCORS\OCORS-CI4\system\Commands\Server\rewrite.php(45): require_once('D:\\xampp\\htdocs...')
#5 {main}
CRITICAL - 2021-05-25 07:05:15 --> Undefined variable: o
#0 D:\xampp\htdocs\OCORS\OCORS-CI4\app\Controllers\Admin\Upload.php(51): CodeIgniter\Debug\Exceptions->errorHandler(8, 'Undefined varia...', 'D:\\xampp\\htdocs...', 51, Array)
#1 D:\xampp\htdocs\OCORS\OCORS-CI4\system\CodeIgniter.php(936): App\Controllers\Admin\Upload->save()
#2 D:\xampp\htdocs\OCORS\OCORS-CI4\system\CodeIgniter.php(432): CodeIgniter\CodeIgniter->runController(Object(App\Controllers\Admin\Upload))
#3 D:\xampp\htdocs\OCORS\OCORS-CI4\system\CodeIgniter.php(333): CodeIgniter\CodeIgniter->handleRequest(NULL, Object(Config\Cache), false)
#4 D:\xampp\htdocs\OCORS\OCORS-CI4\public\index.php(44): CodeIgniter\CodeIgniter->run()
#5 D:\xampp\htdocs\OCORS\OCORS-CI4\system\Commands\Server\rewrite.php(45): require_once('D:\\xampp\\htdocs...')
#6 {main}
CRITICAL - 2021-05-25 07:07:40 --> Call to a member function openFile() on string
#0 D:\xampp\htdocs\OCORS\OCORS-CI4\system\CodeIgniter.php(936): App\Controllers\Admin\Upload->save()
#1 D:\xampp\htdocs\OCORS\OCORS-CI4\system\CodeIgniter.php(432): CodeIgniter\CodeIgniter->runController(Object(App\Controllers\Admin\Upload))
#2 D:\xampp\htdocs\OCORS\OCORS-CI4\system\CodeIgniter.php(333): CodeIgniter\CodeIgniter->handleRequest(NULL, Object(Config\Cache), false)
#3 D:\xampp\htdocs\OCORS\OCORS-CI4\public\index.php(44): CodeIgniter\CodeIgniter->run()
#4 D:\xampp\htdocs\OCORS\OCORS-CI4\system\Commands\Server\rewrite.php(45): require_once('D:\\xampp\\htdocs...')
#5 {main}
CRITICAL - 2021-05-25 07:15:17 --> syntax error, unexpected ')'
#0 D:\xampp\htdocs\OCORS\OCORS-CI4\system\Router\Router.php(170): CodeIgniter\Router\Router->autoRoute('admin/upload/sa...')
#1 D:\xampp\htdocs\OCORS\OCORS-CI4\system\CodeIgniter.php(816): CodeIgniter\Router\Router->handle('admin/upload/sa...')
#2 D:\xampp\htdocs\OCORS\OCORS-CI4\system\CodeIgniter.php(385): CodeIgniter\CodeIgniter->tryToRouteIt(Object(CodeIgniter\Router\RouteCollection))
#3 D:\xampp\htdocs\OCORS\OCORS-CI4\system\CodeIgniter.php(333): CodeIgniter\CodeIgniter->handleRequest(NULL, Object(Config\Cache), false)
#4 D:\xampp\htdocs\OCORS\OCORS-CI4\public\index.php(44): CodeIgniter\CodeIgniter->run()
#5 D:\xampp\htdocs\OCORS\OCORS-CI4\system\Commands\Server\rewrite.php(45): require_once('D:\\xampp\\htdocs...')
#6 {main}
CRITICAL - 2021-05-25 07:16:36 --> Too few arguments to function directory_map(), 0 passed in D:\xampp\htdocs\OCORS\OCORS-CI4\app\Controllers\Admin\Upload.php on line 49 and at least 1 expected
#0 D:\xampp\htdocs\OCORS\OCORS-CI4\app\Controllers\Admin\Upload.php(49): directory_map()
#1 D:\xampp\htdocs\OCORS\OCORS-CI4\system\CodeIgniter.php(936): App\Controllers\Admin\Upload->save()
#2 D:\xampp\htdocs\OCORS\OCORS-CI4\system\CodeIgniter.php(432): CodeIgniter\CodeIgniter->runController(Object(App\Controllers\Admin\Upload))
#3 D:\xampp\htdocs\OCORS\OCORS-CI4\system\CodeIgniter.php(333): CodeIgniter\CodeIgniter->handleRequest(NULL, Object(Config\Cache), false)
#4 D:\xampp\htdocs\OCORS\OCORS-CI4\public\index.php(44): CodeIgniter\CodeIgniter->run()
#5 D:\xampp\htdocs\OCORS\OCORS-CI4\system\Commands\Server\rewrite.php(45): require_once('D:\\xampp\\htdocs...')
#6 {main}
CRITICAL - 2021-05-25 07:29:16 --> Call to undefined function App\Controllers\Admin\directory_map()
#0 D:\xampp\htdocs\OCORS\OCORS-CI4\system\CodeIgniter.php(936): App\Controllers\Admin\Upload->save()
#1 D:\xampp\htdocs\OCORS\OCORS-CI4\system\CodeIgniter.php(432): CodeIgniter\CodeIgniter->runController(Object(App\Controllers\Admin\Upload))
#2 D:\xampp\htdocs\OCORS\OCORS-CI4\system\CodeIgniter.php(333): CodeIgniter\CodeIgniter->handleRequest(NULL, Object(Config\Cache), false)
#3 D:\xampp\htdocs\OCORS\OCORS-CI4\public\index.php(44): CodeIgniter\CodeIgniter->run()
#4 D:\xampp\htdocs\OCORS\OCORS-CI4\system\Commands\Server\rewrite.php(45): require_once('D:\\xampp\\htdocs...')
#5 {main}
CRITICAL - 2021-05-25 07:29:26 --> ZipArchive::open(): Empty string as source
#0 [internal function]: CodeIgniter\Debug\Exceptions->errorHandler(2, 'ZipArchive::ope...', 'D:\\xampp\\htdocs...', 51, Array)
#1 D:\xampp\htdocs\OCORS\OCORS-CI4\app\Controllers\Admin\Upload.php(51): ZipArchive->open('')
#2 D:\xampp\htdocs\OCORS\OCORS-CI4\system\CodeIgniter.php(936): App\Controllers\Admin\Upload->save()
#3 D:\xampp\htdocs\OCORS\OCORS-CI4\system\CodeIgniter.php(432): CodeIgniter\CodeIgniter->runController(Object(App\Controllers\Admin\Upload))
#4 D:\xampp\htdocs\OCORS\OCORS-CI4\system\CodeIgniter.php(333): CodeIgniter\CodeIgniter->handleRequest(NULL, Object(Config\Cache), false)
#5 D:\xampp\htdocs\OCORS\OCORS-CI4\public\index.php(44): CodeIgniter\CodeIgniter->run()
#6 D:\xampp\htdocs\OCORS\OCORS-CI4\system\Commands\Server\rewrite.php(45): require_once('D:\\xampp\\htdocs...')
#7 {main}
CRITICAL - 2021-05-25 07:37:25 --> syntax error, unexpected ')'
#0 D:\xampp\htdocs\OCORS\OCORS-CI4\system\Router\Router.php(170): CodeIgniter\Router\Router->autoRoute('admin/upload/sa...')
#1 D:\xampp\htdocs\OCORS\OCORS-CI4\system\CodeIgniter.php(816): CodeIgniter\Router\Router->handle('admin/upload/sa...')
#2 D:\xampp\htdocs\OCORS\OCORS-CI4\system\CodeIgniter.php(385): CodeIgniter\CodeIgniter->tryToRouteIt(Object(CodeIgniter\Router\RouteCollection))
#3 D:\xampp\htdocs\OCORS\OCORS-CI4\system\CodeIgniter.php(333): CodeIgniter\CodeIgniter->handleRequest(NULL, Object(Config\Cache), false)
#4 D:\xampp\htdocs\OCORS\OCORS-CI4\public\index.php(44): CodeIgniter\CodeIgniter->run()
#5 D:\xampp\htdocs\OCORS\OCORS-CI4\system\Commands\Server\rewrite.php(45): require_once('D:\\xampp\\htdocs...')
#6 {main}
CRITICAL - 2021-05-25 07:38:14 --> syntax error, unexpected 'if' (T_IF)
#0 D:\xampp\htdocs\OCORS\OCORS-CI4\system\Router\Router.php(170): CodeIgniter\Router\Router->autoRoute('admin/upload/Co...')
#1 D:\xampp\htdocs\OCORS\OCORS-CI4\system\CodeIgniter.php(816): CodeIgniter\Router\Router->handle('admin/upload/Co...')
#2 D:\xampp\htdocs\OCORS\OCORS-CI4\system\CodeIgniter.php(385): CodeIgniter\CodeIgniter->tryToRouteIt(Object(CodeIgniter\Router\RouteCollection))
#3 D:\xampp\htdocs\OCORS\OCORS-CI4\system\CodeIgniter.php(333): CodeIgniter\CodeIgniter->handleRequest(NULL, Object(Config\Cache), false)
#4 D:\xampp\htdocs\OCORS\OCORS-CI4\public\index.php(44): CodeIgniter\CodeIgniter->run()
#5 D:\xampp\htdocs\OCORS\OCORS-CI4\system\Commands\Server\rewrite.php(45): require_once('D:\\xampp\\htdocs...')
#6 {main}
CRITICAL - 2021-05-25 07:40:28 --> syntax error, unexpected '=', expecting variable (T_VARIABLE)
#0 D:\xampp\htdocs\OCORS\OCORS-CI4\system\Autoloader\Autoloader.php(265): CodeIgniter\Autoloader\Autoloader->includeFile('D:\\xampp\\htdocs...')
#1 D:\xampp\htdocs\OCORS\OCORS-CI4\system\Autoloader\Autoloader.php(228): CodeIgniter\Autoloader\Autoloader->loadInNamespace('App\\Models\\Load...')
#2 [internal function]: CodeIgniter\Autoloader\Autoloader->loadClass('App\\Models\\Load...')
#3 D:\xampp\htdocs\OCORS\OCORS-CI4\app\Controllers\Admin\Upload.php(41): spl_autoload_call('App\\Models\\Load...')
#4 D:\xampp\htdocs\OCORS\OCORS-CI4\system\CodeIgniter.php(936): App\Controllers\Admin\Upload->save()
#5 D:\xampp\htdocs\OCORS\OCORS-CI4\system\CodeIgniter.php(432): CodeIgniter\CodeIgniter->runController(Object(App\Controllers\Admin\Upload))
#6 D:\xampp\htdocs\OCORS\OCORS-CI4\system\CodeIgniter.php(333): CodeIgniter\CodeIgniter->handleRequest(NULL, Object(Config\Cache), false)
#7 D:\xampp\htdocs\OCORS\OCORS-CI4\public\index.php(44): CodeIgniter\CodeIgniter->run()
#8 D:\xampp\htdocs\OCORS\OCORS-CI4\system\Commands\Server\rewrite.php(45): require_once('D:\\xampp\\htdocs...')
#9 {main}
CRITICAL - 2021-05-25 07:49:32 --> ini_set(): Headers already sent. You cannot change the session module's ini settings at this time
#0 [internal function]: CodeIgniter\Debug\Exceptions->errorHandler(2, 'ini_set(): Head...', 'D:\\xampp\\htdocs...', 80, Array)
#1 D:\xampp\htdocs\OCORS\OCORS-CI4\system\Session\Handlers\FileHandler.php(80): ini_set('session.save_pa...', 'D:\\xampp\\htdocs...')
#2 D:\xampp\htdocs\OCORS\OCORS-CI4\system\Config\Services.php(706): CodeIgniter\Session\Handlers\FileHandler->__construct(Object(Config\App), '::1')
#3 D:\xampp\htdocs\OCORS\OCORS-CI4\system\Config\BaseService.php(100): CodeIgniter\Config\Services::session(Object(Config\App), false)
#4 D:\xampp\htdocs\OCORS\OCORS-CI4\system\Config\Services.php(699): CodeIgniter\Config\BaseService::getSharedInstance('session', NULL)
#5 D:\xampp\htdocs\OCORS\OCORS-CI4\system\Config\BaseService.php(171): CodeIgniter\Config\Services::session()
#6 D:\xampp\htdocs\OCORS\OCORS-CI4\system\Common.php(999): CodeIgniter\Config\BaseService::__callStatic('session', Array)
#7 D:\xampp\htdocs\OCORS\OCORS-CI4\app\Controllers\Admin\Upload.php(12): session()
#8 D:\xampp\htdocs\OCORS\OCORS-CI4\system\CodeIgniter.php(908): App\Controllers\Admin\Upload->__construct()
#9 D:\xampp\htdocs\OCORS\OCORS-CI4\system\CodeIgniter.php(422): CodeIgniter\CodeIgniter->createController()
#10 D:\xampp\htdocs\OCORS\OCORS-CI4\system\CodeIgniter.php(333): CodeIgniter\CodeIgniter->handleRequest(NULL, Object(Config\Cache), false)
#11 D:\xampp\htdocs\OCORS\OCORS-CI4\public\index.php(44): CodeIgniter\CodeIgniter->run()
#12 D:\xampp\htdocs\OCORS\OCORS-CI4\system\Commands\Server\rewrite.php(45): require_once('D:\\xampp\\htdocs...')
#13 {main}
CRITICAL - 2021-05-25 07:49:32 --> Uncaught ErrorException: Cannot modify header information - headers already sent by (output started at D:\xampp\htdocs\OCORS\OCORS-CI4\app\Config\Events.php:35) in D:\xampp\htdocs\OCORS\OCORS-CI4\system\Debug\Exceptions.php:137
Stack trace:
#0 [internal function]: CodeIgniter\Debug\Exceptions->errorHandler(2, 'Cannot modify h...', 'D:\\xampp\\htdocs...', 137, Array)
#1 D:\xampp\htdocs\OCORS\OCORS-CI4\system\Debug\Exceptions.php(137): header('HTTP/1.1 500 In...', true, 500)
#2 [internal function]: CodeIgniter\Debug\Exceptions->exceptionHandler(Object(ErrorException))
#3 {main}
  thrown
#0 [internal function]: CodeIgniter\Debug\Exceptions->shutdownHandler()
#1 {main}
CRITICAL - 2021-05-25 07:50:37 --> Call to undefined method CodeIgniter\HTTP\IncomingRequest::getData()
#0 D:\xampp\htdocs\OCORS\OCORS-CI4\system\CodeIgniter.php(936): App\Controllers\Admin\Upload->save()
#1 D:\xampp\htdocs\OCORS\OCORS-CI4\system\CodeIgniter.php(432): CodeIgniter\CodeIgniter->runController(Object(App\Controllers\Admin\Upload))
#2 D:\xampp\htdocs\OCORS\OCORS-CI4\system\CodeIgniter.php(333): CodeIgniter\CodeIgniter->handleRequest(NULL, Object(Config\Cache), false)
#3 D:\xampp\htdocs\OCORS\OCORS-CI4\public\index.php(44): CodeIgniter\CodeIgniter->run()
#4 D:\xampp\htdocs\OCORS\OCORS-CI4\system\Commands\Server\rewrite.php(45): require_once('D:\\xampp\\htdocs...')
#5 {main}
CRITICAL - 2021-05-25 07:52:30 --> Illegal offset type
#0 D:\xampp\htdocs\OCORS\OCORS-CI4\app\Controllers\Admin\Upload.php(61): CodeIgniter\Debug\Exceptions->errorHandler(2, 'Illegal offset ...', 'D:\\xampp\\htdocs...', 61, Array)
#1 D:\xampp\htdocs\OCORS\OCORS-CI4\system\CodeIgniter.php(936): App\Controllers\Admin\Upload->save()
#2 D:\xampp\htdocs\OCORS\OCORS-CI4\system\CodeIgniter.php(432): CodeIgniter\CodeIgniter->runController(Object(App\Controllers\Admin\Upload))
#3 D:\xampp\htdocs\OCORS\OCORS-CI4\system\CodeIgniter.php(333): CodeIgniter\CodeIgniter->handleRequest(NULL, Object(Config\Cache), false)
#4 D:\xampp\htdocs\OCORS\OCORS-CI4\public\index.php(44): CodeIgniter\CodeIgniter->run()
#5 D:\xampp\htdocs\OCORS\OCORS-CI4\system\Commands\Server\rewrite.php(45): require_once('D:\\xampp\\htdocs...')
#6 {main}
CRITICAL - 2021-05-25 07:52:47 --> Illegal offset type
#0 D:\xampp\htdocs\OCORS\OCORS-CI4\app\Controllers\Admin\Upload.php(61): CodeIgniter\Debug\Exceptions->errorHandler(2, 'Illegal offset ...', 'D:\\xampp\\htdocs...', 61, Array)
#1 D:\xampp\htdocs\OCORS\OCORS-CI4\system\CodeIgniter.php(936): App\Controllers\Admin\Upload->save()
#2 D:\xampp\htdocs\OCORS\OCORS-CI4\system\CodeIgniter.php(432): CodeIgniter\CodeIgniter->runController(Object(App\Controllers\Admin\Upload))
#3 D:\xampp\htdocs\OCORS\OCORS-CI4\system\CodeIgniter.php(333): CodeIgniter\CodeIgniter->handleRequest(NULL, Object(Config\Cache), false)
#4 D:\xampp\htdocs\OCORS\OCORS-CI4\public\index.php(44): CodeIgniter\CodeIgniter->run()
#5 D:\xampp\htdocs\OCORS\OCORS-CI4\system\Commands\Server\rewrite.php(45): require_once('D:\\xampp\\htdocs...')
#6 {main}
CRITICAL - 2021-05-25 07:53:07 --> syntax error, unexpected ';'
#0 D:\xampp\htdocs\OCORS\OCORS-CI4\system\Router\Router.php(170): CodeIgniter\Router\Router->autoRoute('admin/upload/sa...')
#1 D:\xampp\htdocs\OCORS\OCORS-CI4\system\CodeIgniter.php(816): CodeIgniter\Router\Router->handle('admin/upload/sa...')
#2 D:\xampp\htdocs\OCORS\OCORS-CI4\system\CodeIgniter.php(385): CodeIgniter\CodeIgniter->tryToRouteIt(Object(CodeIgniter\Router\RouteCollection))
#3 D:\xampp\htdocs\OCORS\OCORS-CI4\system\CodeIgniter.php(333): CodeIgniter\CodeIgniter->handleRequest(NULL, Object(Config\Cache), false)
#4 D:\xampp\htdocs\OCORS\OCORS-CI4\public\index.php(44): CodeIgniter\CodeIgniter->run()
#5 D:\xampp\htdocs\OCORS\OCORS-CI4\system\Commands\Server\rewrite.php(45): require_once('D:\\xampp\\htdocs...')
#6 {main}
CRITICAL - 2021-05-25 07:56:46 --> Undefined offset: 0
#0 D:\xampp\htdocs\OCORS\OCORS-CI4\app\Controllers\Description.php(22): CodeIgniter\Debug\Exceptions->errorHandler(8, 'Undefined offse...', 'D:\\xampp\\htdocs...', 22, Array)
#1 D:\xampp\htdocs\OCORS\OCORS-CI4\system\CodeIgniter.php(936): App\Controllers\Description->index('1')
#2 D:\xampp\htdocs\OCORS\OCORS-CI4\system\CodeIgniter.php(432): CodeIgniter\CodeIgniter->runController(Object(App\Controllers\Description))
#3 D:\xampp\htdocs\OCORS\OCORS-CI4\system\CodeIgniter.php(333): CodeIgniter\CodeIgniter->handleRequest(NULL, Object(Config\Cache), false)
#4 D:\xampp\htdocs\OCORS\OCORS-CI4\public\index.php(44): CodeIgniter\CodeIgniter->run()
#5 D:\xampp\htdocs\OCORS\OCORS-CI4\system\Commands\Server\rewrite.php(45): require_once('D:\\xampp\\htdocs...')
#6 {main}
CRITICAL - 2021-05-25 07:59:47 --> syntax error, unexpected ']'
#0 D:\xampp\htdocs\OCORS\OCORS-CI4\system\Router\Router.php(170): CodeIgniter\Router\Router->autoRoute('admin/upload/sa...')
#1 D:\xampp\htdocs\OCORS\OCORS-CI4\system\CodeIgniter.php(816): CodeIgniter\Router\Router->handle('admin/upload/sa...')
#2 D:\xampp\htdocs\OCORS\OCORS-CI4\system\CodeIgniter.php(385): CodeIgniter\CodeIgniter->tryToRouteIt(Object(CodeIgniter\Router\RouteCollection))
#3 D:\xampp\htdocs\OCORS\OCORS-CI4\system\CodeIgniter.php(333): CodeIgniter\CodeIgniter->handleRequest(NULL, Object(Config\Cache), false)
#4 D:\xampp\htdocs\OCORS\OCORS-CI4\public\index.php(44): CodeIgniter\CodeIgniter->run()
#5 D:\xampp\htdocs\OCORS\OCORS-CI4\system\Commands\Server\rewrite.php(45): require_once('D:\\xampp\\htdocs...')
#6 {main}
CRITICAL - 2021-05-25 07:59:57 --> Call to undefined function App\Controllers\Admin\getRandomName()
#0 D:\xampp\htdocs\OCORS\OCORS-CI4\system\CodeIgniter.php(936): App\Controllers\Admin\Upload->save()
#1 D:\xampp\htdocs\OCORS\OCORS-CI4\system\CodeIgniter.php(432): CodeIgniter\CodeIgniter->runController(Object(App\Controllers\Admin\Upload))
#2 D:\xampp\htdocs\OCORS\OCORS-CI4\system\CodeIgniter.php(333): CodeIgniter\CodeIgniter->handleRequest(NULL, Object(Config\Cache), false)
#3 D:\xampp\htdocs\OCORS\OCORS-CI4\public\index.php(44): CodeIgniter\CodeIgniter->run()
#4 D:\xampp\htdocs\OCORS\OCORS-CI4\system\Commands\Server\rewrite.php(45): require_once('D:\\xampp\\htdocs...')
#5 {main}
CRITICAL - 2021-05-25 08:07:42 --> syntax error, unexpected 'as' (T_AS), expecting ';'
#0 D:\xampp\htdocs\OCORS\OCORS-CI4\system\Router\Router.php(170): CodeIgniter\Router\Router->autoRoute('admin/upload/sa...')
#1 D:\xampp\htdocs\OCORS\OCORS-CI4\system\CodeIgniter.php(816): CodeIgniter\Router\Router->handle('admin/upload/sa...')
#2 D:\xampp\htdocs\OCORS\OCORS-CI4\system\CodeIgniter.php(385): CodeIgniter\CodeIgniter->tryToRouteIt(Object(CodeIgniter\Router\RouteCollection))
#3 D:\xampp\htdocs\OCORS\OCORS-CI4\system\CodeIgniter.php(333): CodeIgniter\CodeIgniter->handleRequest(NULL, Object(Config\Cache), false)
#4 D:\xampp\htdocs\OCORS\OCORS-CI4\public\index.php(44): CodeIgniter\CodeIgniter->run()
#5 D:\xampp\htdocs\OCORS\OCORS-CI4\system\Commands\Server\rewrite.php(45): require_once('D:\\xampp\\htdocs...')
#6 {main}
CRITICAL - 2021-05-25 08:08:43 --> syntax error, unexpected 'as' (T_AS), expecting ';'
#0 D:\xampp\htdocs\OCORS\OCORS-CI4\system\Router\Router.php(170): CodeIgniter\Router\Router->autoRoute('admin/upload/sa...')
#1 D:\xampp\htdocs\OCORS\OCORS-CI4\system\CodeIgniter.php(816): CodeIgniter\Router\Router->handle('admin/upload/sa...')
#2 D:\xampp\htdocs\OCORS\OCORS-CI4\system\CodeIgniter.php(385): CodeIgniter\CodeIgniter->tryToRouteIt(Object(CodeIgniter\Router\RouteCollection))
#3 D:\xampp\htdocs\OCORS\OCORS-CI4\system\CodeIgniter.php(333): CodeIgniter\CodeIgniter->handleRequest(NULL, Object(Config\Cache), false)
#4 D:\xampp\htdocs\OCORS\OCORS-CI4\public\index.php(44): CodeIgniter\CodeIgniter->run()
#5 D:\xampp\htdocs\OCORS\OCORS-CI4\system\Commands\Server\rewrite.php(45): require_once('D:\\xampp\\htdocs...')
#6 {main}
CRITICAL - 2021-05-25 08:08:58 --> syntax error, unexpected 'as' (T_AS), expecting ';'
#0 D:\xampp\htdocs\OCORS\OCORS-CI4\system\Router\Router.php(170): CodeIgniter\Router\Router->autoRoute('admin/upload/sa...')
#1 D:\xampp\htdocs\OCORS\OCORS-CI4\system\CodeIgniter.php(816): CodeIgniter\Router\Router->handle('admin/upload/sa...')
#2 D:\xampp\htdocs\OCORS\OCORS-CI4\system\CodeIgniter.php(385): CodeIgniter\CodeIgniter->tryToRouteIt(Object(CodeIgniter\Router\RouteCollection))
#3 D:\xampp\htdocs\OCORS\OCORS-CI4\system\CodeIgniter.php(333): CodeIgniter\CodeIgniter->handleRequest(NULL, Object(Config\Cache), false)
#4 D:\xampp\htdocs\OCORS\OCORS-CI4\public\index.php(44): CodeIgniter\CodeIgniter->run()
#5 D:\xampp\htdocs\OCORS\OCORS-CI4\system\Commands\Server\rewrite.php(45): require_once('D:\\xampp\\htdocs...')
#6 {main}
CRITICAL - 2021-05-25 08:11:11 --> Too few arguments to function App\Controllers\Admin\Manage::delete(), 0 passed in D:\xampp\htdocs\OCORS\OCORS-CI4\system\CodeIgniter.php on line 936 and exactly 1 expected
#0 D:\xampp\htdocs\OCORS\OCORS-CI4\system\CodeIgniter.php(936): App\Controllers\Admin\Manage->delete()
#1 D:\xampp\htdocs\OCORS\OCORS-CI4\system\CodeIgniter.php(432): CodeIgniter\CodeIgniter->runController(Object(App\Controllers\Admin\Manage))
#2 D:\xampp\htdocs\OCORS\OCORS-CI4\system\CodeIgniter.php(333): CodeIgniter\CodeIgniter->handleRequest(NULL, Object(Config\Cache), false)
#3 D:\xampp\htdocs\OCORS\OCORS-CI4\public\index.php(44): CodeIgniter\CodeIgniter->run()
#4 D:\xampp\htdocs\OCORS\OCORS-CI4\system\Commands\Server\rewrite.php(45): require_once('D:\\xampp\\htdocs...')
#5 {main}
CRITICAL - 2021-05-25 08:11:22 --> Too few arguments to function App\Controllers\Admin\Manage::delete(), 0 passed in D:\xampp\htdocs\OCORS\OCORS-CI4\system\CodeIgniter.php on line 936 and exactly 1 expected
#0 D:\xampp\htdocs\OCORS\OCORS-CI4\system\CodeIgniter.php(936): App\Controllers\Admin\Manage->delete()
#1 D:\xampp\htdocs\OCORS\OCORS-CI4\system\CodeIgniter.php(432): CodeIgniter\CodeIgniter->runController(Object(App\Controllers\Admin\Manage))
#2 D:\xampp\htdocs\OCORS\OCORS-CI4\system\CodeIgniter.php(333): CodeIgniter\CodeIgniter->handleRequest(NULL, Object(Config\Cache), false)
#3 D:\xampp\htdocs\OCORS\OCORS-CI4\public\index.php(44): CodeIgniter\CodeIgniter->run()
#4 D:\xampp\htdocs\OCORS\OCORS-CI4\system\Commands\Server\rewrite.php(45): require_once('D:\\xampp\\htdocs...')
#5 {main}
ERROR - 2021-05-25 08:13:43 --> mysqli_sql_exception: Cannot delete or update a parent row: a foreign key constraint fails (`ocors`.`mangachapters`, CONSTRAINT `mangachapters_ibfk_1` FOREIGN KEY (`mangaId`) REFERENCES `manga` (`id`)) in D:\xampp\htdocs\OCORS\OCORS-CI4\system\Database\MySQLi\Connection.php:314
Stack trace:
#0 D:\xampp\htdocs\OCORS\OCORS-CI4\system\Database\MySQLi\Connection.php(314): mysqli->query('DELETE FROM `ma...')
#1 D:\xampp\htdocs\OCORS\OCORS-CI4\system\Database\BaseConnection.php(713): CodeIgniter\Database\MySQLi\Connection->execute('DELETE FROM `ma...')
#2 D:\xampp\htdocs\OCORS\OCORS-CI4\system\Database\BaseConnection.php(641): CodeIgniter\Database\BaseConnection->simpleQuery('DELETE FROM `ma...')
#3 D:\xampp\htdocs\OCORS\OCORS-CI4\system\Database\BaseBuilder.php(2864): CodeIgniter\Database\BaseConnection->query('DELETE FROM `ma...', Array, false)
#4 D:\xampp\htdocs\OCORS\OCORS-CI4\system\Model.php(422): CodeIgniter\Database\BaseBuilder->delete()
#5 D:\xampp\htdocs\OCORS\OCORS-CI4\system\BaseModel.php(1009): CodeIgniter\Model->doDelete(NULL, false)
#6 D:\xampp\htdocs\OCORS\OCORS-CI4\app\Controllers\Admin\Manage.php(49): CodeIgniter\BaseModel->delete()
#7 D:\xampp\htdocs\OCORS\OCORS-CI4\system\CodeIgniter.php(936): App\Controllers\Admin\Manage->delete('6')
#8 D:\xampp\htdocs\OCORS\OCORS-CI4\system\CodeIgniter.php(432): CodeIgniter\CodeIgniter->runController(Object(App\Controllers\Admin\Manage))
#9 D:\xampp\htdocs\OCORS\OCORS-CI4\system\CodeIgniter.php(333): CodeIgniter\CodeIgniter->handleRequest(NULL, Object(Config\Cache), false)
#10 D:\xampp\htdocs\OCORS\OCORS-CI4\public\index.php(44): CodeIgniter\CodeIgniter->run()
#11 D:\xampp\htdocs\OCORS\OCORS-CI4\system\Commands\Server\rewrite.php(45): require_once('D:\\xampp\\htdocs...')
#12 {main}
CRITICAL - 2021-05-25 08:13:43 --> Cannot delete or update a parent row: a foreign key constraint fails (`ocors`.`mangachapters`, CONSTRAINT `mangachapters_ibfk_1` FOREIGN KEY (`mangaId`) REFERENCES `manga` (`id`))
#0 D:\xampp\htdocs\OCORS\OCORS-CI4\system\Database\MySQLi\Connection.php(314): mysqli->query('DELETE FROM `ma...')
#1 D:\xampp\htdocs\OCORS\OCORS-CI4\system\Database\BaseConnection.php(713): CodeIgniter\Database\MySQLi\Connection->execute('DELETE FROM `ma...')
#2 D:\xampp\htdocs\OCORS\OCORS-CI4\system\Database\BaseConnection.php(641): CodeIgniter\Database\BaseConnection->simpleQuery('DELETE FROM `ma...')
#3 D:\xampp\htdocs\OCORS\OCORS-CI4\system\Database\BaseBuilder.php(2864): CodeIgniter\Database\BaseConnection->query('DELETE FROM `ma...', Array, false)
#4 D:\xampp\htdocs\OCORS\OCORS-CI4\system\Model.php(422): CodeIgniter\Database\BaseBuilder->delete()
#5 D:\xampp\htdocs\OCORS\OCORS-CI4\system\BaseModel.php(1009): CodeIgniter\Model->doDelete(NULL, false)
#6 D:\xampp\htdocs\OCORS\OCORS-CI4\app\Controllers\Admin\Manage.php(49): CodeIgniter\BaseModel->delete()
#7 D:\xampp\htdocs\OCORS\OCORS-CI4\system\CodeIgniter.php(936): App\Controllers\Admin\Manage->delete('6')
#8 D:\xampp\htdocs\OCORS\OCORS-CI4\system\CodeIgniter.php(432): CodeIgniter\CodeIgniter->runController(Object(App\Controllers\Admin\Manage))
#9 D:\xampp\htdocs\OCORS\OCORS-CI4\system\CodeIgniter.php(333): CodeIgniter\CodeIgniter->handleRequest(NULL, Object(Config\Cache), false)
#10 D:\xampp\htdocs\OCORS\OCORS-CI4\public\index.php(44): CodeIgniter\CodeIgniter->run()
#11 D:\xampp\htdocs\OCORS\OCORS-CI4\system\Commands\Server\rewrite.php(45): require_once('D:\\xampp\\htdocs...')
#12 {main}
ERROR - 2021-05-25 08:13:43 --> mysqli_sql_exception: Cannot delete or update a parent row: a foreign key constraint fails (`ocors`.`mangachapters`, CONSTRAINT `mangachapters_ibfk_1` FOREIGN KEY (`mangaId`) REFERENCES `manga` (`id`)) in D:\xampp\htdocs\OCORS\OCORS-CI4\system\Database\MySQLi\Connection.php:314
Stack trace:
#0 D:\xampp\htdocs\OCORS\OCORS-CI4\system\Database\MySQLi\Connection.php(314): mysqli->query('DELETE FROM `ma...')
#1 D:\xampp\htdocs\OCORS\OCORS-CI4\system\Database\BaseConnection.php(713): CodeIgniter\Database\MySQLi\Connection->execute('DELETE FROM `ma...')
#2 D:\xampp\htdocs\OCORS\OCORS-CI4\system\Database\BaseConnection.php(641): CodeIgniter\Database\BaseConnection->simpleQuery('DELETE FROM `ma...')
#3 D:\xampp\htdocs\OCORS\OCORS-CI4\system\Database\BaseBuilder.php(2864): CodeIgniter\Database\BaseConnection->query('DELETE FROM `ma...', Array, false)
#4 D:\xampp\htdocs\OCORS\OCORS-CI4\system\Model.php(422): CodeIgniter\Database\BaseBuilder->delete()
#5 D:\xampp\htdocs\OCORS\OCORS-CI4\system\BaseModel.php(1009): CodeIgniter\Model->doDelete(NULL, false)
#6 D:\xampp\htdocs\OCORS\OCORS-CI4\app\Controllers\Admin\Manage.php(49): CodeIgniter\BaseModel->delete()
#7 D:\xampp\htdocs\OCORS\OCORS-CI4\system\CodeIgniter.php(936): App\Controllers\Admin\Manage->delete('6')
#8 D:\xampp\htdocs\OCORS\OCORS-CI4\system\CodeIgniter.php(432): CodeIgniter\CodeIgniter->runController(Object(App\Controllers\Admin\Manage))
#9 D:\xampp\htdocs\OCORS\OCORS-CI4\system\CodeIgniter.php(333): CodeIgniter\CodeIgniter->handleRequest(NULL, Object(Config\Cache), false)
#10 D:\xampp\htdocs\OCORS\OCORS-CI4\public\index.php(44): CodeIgniter\CodeIgniter->run()
#11 D:\xampp\htdocs\OCORS\OCORS-CI4\system\Commands\Server\rewrite.php(45): require_once('D:\\xampp\\htdocs...')
#12 {main}
CRITICAL - 2021-05-25 08:13:43 --> Cannot delete or update a parent row: a foreign key constraint fails (`ocors`.`mangachapters`, CONSTRAINT `mangachapters_ibfk_1` FOREIGN KEY (`mangaId`) REFERENCES `manga` (`id`))
#0 D:\xampp\htdocs\OCORS\OCORS-CI4\system\Database\MySQLi\Connection.php(314): mysqli->query('DELETE FROM `ma...')
#1 D:\xampp\htdocs\OCORS\OCORS-CI4\system\Database\BaseConnection.php(713): CodeIgniter\Database\MySQLi\Connection->execute('DELETE FROM `ma...')
#2 D:\xampp\htdocs\OCORS\OCORS-CI4\system\Database\BaseConnection.php(641): CodeIgniter\Database\BaseConnection->simpleQuery('DELETE FROM `ma...')
#3 D:\xampp\htdocs\OCORS\OCORS-CI4\system\Database\BaseBuilder.php(2864): CodeIgniter\Database\BaseConnection->query('DELETE FROM `ma...', Array, false)
#4 D:\xampp\htdocs\OCORS\OCORS-CI4\system\Model.php(422): CodeIgniter\Database\BaseBuilder->delete()
#5 D:\xampp\htdocs\OCORS\OCORS-CI4\system\BaseModel.php(1009): CodeIgniter\Model->doDelete(NULL, false)
#6 D:\xampp\htdocs\OCORS\OCORS-CI4\app\Controllers\Admin\Manage.php(49): CodeIgniter\BaseModel->delete()
#7 D:\xampp\htdocs\OCORS\OCORS-CI4\system\CodeIgniter.php(936): App\Controllers\Admin\Manage->delete('6')
#8 D:\xampp\htdocs\OCORS\OCORS-CI4\system\CodeIgniter.php(432): CodeIgniter\CodeIgniter->runController(Object(App\Controllers\Admin\Manage))
#9 D:\xampp\htdocs\OCORS\OCORS-CI4\system\CodeIgniter.php(333): CodeIgniter\CodeIgniter->handleRequest(NULL, Object(Config\Cache), false)
#10 D:\xampp\htdocs\OCORS\OCORS-CI4\public\index.php(44): CodeIgniter\CodeIgniter->run()
#11 D:\xampp\htdocs\OCORS\OCORS-CI4\system\Commands\Server\rewrite.php(45): require_once('D:\\xampp\\htdocs...')
#12 {main}
ERROR - 2021-05-25 08:13:55 --> mysqli_sql_exception: Unknown column 'mangaid' in 'where clause' in D:\xampp\htdocs\OCORS\OCORS-CI4\system\Database\MySQLi\Connection.php:314
Stack trace:
#0 D:\xampp\htdocs\OCORS\OCORS-CI4\system\Database\MySQLi\Connection.php(314): mysqli->query('DELETE FROM `ma...')
#1 D:\xampp\htdocs\OCORS\OCORS-CI4\system\Database\BaseConnection.php(713): CodeIgniter\Database\MySQLi\Connection->execute('DELETE FROM `ma...')
#2 D:\xampp\htdocs\OCORS\OCORS-CI4\system\Database\BaseConnection.php(641): CodeIgniter\Database\BaseConnection->simpleQuery('DELETE FROM `ma...')
#3 D:\xampp\htdocs\OCORS\OCORS-CI4\system\Database\BaseBuilder.php(2864): CodeIgniter\Database\BaseConnection->query('DELETE FROM `ma...', Array, false)
#4 D:\xampp\htdocs\OCORS\OCORS-CI4\system\Model.php(422): CodeIgniter\Database\BaseBuilder->delete()
#5 D:\xampp\htdocs\OCORS\OCORS-CI4\system\BaseModel.php(1009): CodeIgniter\Model->doDelete(NULL, false)
#6 D:\xampp\htdocs\OCORS\OCORS-CI4\app\Controllers\Admin\Manage.php(49): CodeIgniter\BaseModel->delete()
#7 D:\xampp\htdocs\OCORS\OCORS-CI4\system\CodeIgniter.php(936): App\Controllers\Admin\Manage->delete('6')
#8 D:\xampp\htdocs\OCORS\OCORS-CI4\system\CodeIgniter.php(432): CodeIgniter\CodeIgniter->runController(Object(App\Controllers\Admin\Manage))
#9 D:\xampp\htdocs\OCORS\OCORS-CI4\system\CodeIgniter.php(333): CodeIgniter\CodeIgniter->handleRequest(NULL, Object(Config\Cache), false)
#10 D:\xampp\htdocs\OCORS\OCORS-CI4\public\index.php(44): CodeIgniter\CodeIgniter->run()
#11 D:\xampp\htdocs\OCORS\OCORS-CI4\system\Commands\Server\rewrite.php(45): require_once('D:\\xampp\\htdocs...')
#12 {main}
CRITICAL - 2021-05-25 08:13:55 --> Unknown column 'mangaid' in 'where clause'
#0 D:\xampp\htdocs\OCORS\OCORS-CI4\system\Database\MySQLi\Connection.php(314): mysqli->query('DELETE FROM `ma...')
#1 D:\xampp\htdocs\OCORS\OCORS-CI4\system\Database\BaseConnection.php(713): CodeIgniter\Database\MySQLi\Connection->execute('DELETE FROM `ma...')
#2 D:\xampp\htdocs\OCORS\OCORS-CI4\system\Database\BaseConnection.php(641): CodeIgniter\Database\BaseConnection->simpleQuery('DELETE FROM `ma...')
#3 D:\xampp\htdocs\OCORS\OCORS-CI4\system\Database\BaseBuilder.php(2864): CodeIgniter\Database\BaseConnection->query('DELETE FROM `ma...', Array, false)
#4 D:\xampp\htdocs\OCORS\OCORS-CI4\system\Model.php(422): CodeIgniter\Database\BaseBuilder->delete()
#5 D:\xampp\htdocs\OCORS\OCORS-CI4\system\BaseModel.php(1009): CodeIgniter\Model->doDelete(NULL, false)
#6 D:\xampp\htdocs\OCORS\OCORS-CI4\app\Controllers\Admin\Manage.php(49): CodeIgniter\BaseModel->delete()
#7 D:\xampp\htdocs\OCORS\OCORS-CI4\system\CodeIgniter.php(936): App\Controllers\Admin\Manage->delete('6')
#8 D:\xampp\htdocs\OCORS\OCORS-CI4\system\CodeIgniter.php(432): CodeIgniter\CodeIgniter->runController(Object(App\Controllers\Admin\Manage))
#9 D:\xampp\htdocs\OCORS\OCORS-CI4\system\CodeIgniter.php(333): CodeIgniter\CodeIgniter->handleRequest(NULL, Object(Config\Cache), false)
#10 D:\xampp\htdocs\OCORS\OCORS-CI4\public\index.php(44): CodeIgniter\CodeIgniter->run()
#11 D:\xampp\htdocs\OCORS\OCORS-CI4\system\Commands\Server\rewrite.php(45): require_once('D:\\xampp\\htdocs...')
#12 {main}
ERROR - 2021-05-25 08:14:01 --> mysqli_sql_exception: Unknown column 'mangaId' in 'where clause' in D:\xampp\htdocs\OCORS\OCORS-CI4\system\Database\MySQLi\Connection.php:314
Stack trace:
#0 D:\xampp\htdocs\OCORS\OCORS-CI4\system\Database\MySQLi\Connection.php(314): mysqli->query('DELETE FROM `ma...')
#1 D:\xampp\htdocs\OCORS\OCORS-CI4\system\Database\BaseConnection.php(713): CodeIgniter\Database\MySQLi\Connection->execute('DELETE FROM `ma...')
#2 D:\xampp\htdocs\OCORS\OCORS-CI4\system\Database\BaseConnection.php(641): CodeIgniter\Database\BaseConnection->simpleQuery('DELETE FROM `ma...')
#3 D:\xampp\htdocs\OCORS\OCORS-CI4\system\Database\BaseBuilder.php(2864): CodeIgniter\Database\BaseConnection->query('DELETE FROM `ma...', Array, false)
#4 D:\xampp\htdocs\OCORS\OCORS-CI4\system\Model.php(422): CodeIgniter\Database\BaseBuilder->delete()
#5 D:\xampp\htdocs\OCORS\OCORS-CI4\system\BaseModel.php(1009): CodeIgniter\Model->doDelete(NULL, false)
#6 D:\xampp\htdocs\OCORS\OCORS-CI4\app\Controllers\Admin\Manage.php(49): CodeIgniter\BaseModel->delete()
#7 D:\xampp\htdocs\OCORS\OCORS-CI4\system\CodeIgniter.php(936): App\Controllers\Admin\Manage->delete('6')
#8 D:\xampp\htdocs\OCORS\OCORS-CI4\system\CodeIgniter.php(432): CodeIgniter\CodeIgniter->runController(Object(App\Controllers\Admin\Manage))
#9 D:\xampp\htdocs\OCORS\OCORS-CI4\system\CodeIgniter.php(333): CodeIgniter\CodeIgniter->handleRequest(NULL, Object(Config\Cache), false)
#10 D:\xampp\htdocs\OCORS\OCORS-CI4\public\index.php(44): CodeIgniter\CodeIgniter->run()
#11 D:\xampp\htdocs\OCORS\OCORS-CI4\system\Commands\Server\rewrite.php(45): require_once('D:\\xampp\\htdocs...')
#12 {main}
CRITICAL - 2021-05-25 08:14:01 --> Unknown column 'mangaId' in 'where clause'
#0 D:\xampp\htdocs\OCORS\OCORS-CI4\system\Database\MySQLi\Connection.php(314): mysqli->query('DELETE FROM `ma...')
#1 D:\xampp\htdocs\OCORS\OCORS-CI4\system\Database\BaseConnection.php(713): CodeIgniter\Database\MySQLi\Connection->execute('DELETE FROM `ma...')
#2 D:\xampp\htdocs\OCORS\OCORS-CI4\system\Database\BaseConnection.php(641): CodeIgniter\Database\BaseConnection->simpleQuery('DELETE FROM `ma...')
#3 D:\xampp\htdocs\OCORS\OCORS-CI4\system\Database\BaseBuilder.php(2864): CodeIgniter\Database\BaseConnection->query('DELETE FROM `ma...', Array, false)
#4 D:\xampp\htdocs\OCORS\OCORS-CI4\system\Model.php(422): CodeIgniter\Database\BaseBuilder->delete()
#5 D:\xampp\htdocs\OCORS\OCORS-CI4\system\BaseModel.php(1009): CodeIgniter\Model->doDelete(NULL, false)
#6 D:\xampp\htdocs\OCORS\OCORS-CI4\app\Controllers\Admin\Manage.php(49): CodeIgniter\BaseModel->delete()
#7 D:\xampp\htdocs\OCORS\OCORS-CI4\system\CodeIgniter.php(936): App\Controllers\Admin\Manage->delete('6')
#8 D:\xampp\htdocs\OCORS\OCORS-CI4\system\CodeIgniter.php(432): CodeIgniter\CodeIgniter->runController(Object(App\Controllers\Admin\Manage))
#9 D:\xampp\htdocs\OCORS\OCORS-CI4\system\CodeIgniter.php(333): CodeIgniter\CodeIgniter->handleRequest(NULL, Object(Config\Cache), false)
#10 D:\xampp\htdocs\OCORS\OCORS-CI4\public\index.php(44): CodeIgniter\CodeIgniter->run()
#11 D:\xampp\htdocs\OCORS\OCORS-CI4\system\Commands\Server\rewrite.php(45): require_once('D:\\xampp\\htdocs...')
#12 {main}
ERROR - 2021-05-25 08:14:19 --> mysqli_sql_exception: Cannot delete or update a parent row: a foreign key constraint fails (`ocors`.`mangachapters`, CONSTRAINT `mangachapters_ibfk_1` FOREIGN KEY (`mangaId`) REFERENCES `manga` (`id`)) in D:\xampp\htdocs\OCORS\OCORS-CI4\system\Database\MySQLi\Connection.php:314
Stack trace:
#0 D:\xampp\htdocs\OCORS\OCORS-CI4\system\Database\MySQLi\Connection.php(314): mysqli->query('DELETE FROM `ma...')
#1 D:\xampp\htdocs\OCORS\OCORS-CI4\system\Database\BaseConnection.php(713): CodeIgniter\Database\MySQLi\Connection->execute('DELETE FROM `ma...')
#2 D:\xampp\htdocs\OCORS\OCORS-CI4\system\Database\BaseConnection.php(641): CodeIgniter\Database\BaseConnection->simpleQuery('DELETE FROM `ma...')
#3 D:\xampp\htdocs\OCORS\OCORS-CI4\system\Database\BaseBuilder.php(2864): CodeIgniter\Database\BaseConnection->query('DELETE FROM `ma...', Array, false)
#4 D:\xampp\htdocs\OCORS\OCORS-CI4\system\Model.php(422): CodeIgniter\Database\BaseBuilder->delete()
#5 D:\xampp\htdocs\OCORS\OCORS-CI4\system\BaseModel.php(1009): CodeIgniter\Model->doDelete(NULL, false)
#6 D:\xampp\htdocs\OCORS\OCORS-CI4\app\Controllers\Admin\Manage.php(49): CodeIgniter\BaseModel->delete()
#7 D:\xampp\htdocs\OCORS\OCORS-CI4\system\CodeIgniter.php(936): App\Controllers\Admin\Manage->delete('6')
#8 D:\xampp\htdocs\OCORS\OCORS-CI4\system\CodeIgniter.php(432): CodeIgniter\CodeIgniter->runController(Object(App\Controllers\Admin\Manage))
#9 D:\xampp\htdocs\OCORS\OCORS-CI4\system\CodeIgniter.php(333): CodeIgniter\CodeIgniter->handleRequest(NULL, Object(Config\Cache), false)
#10 D:\xampp\htdocs\OCORS\OCORS-CI4\public\index.php(44): CodeIgniter\CodeIgniter->run()
#11 D:\xampp\htdocs\OCORS\OCORS-CI4\system\Commands\Server\rewrite.php(45): require_once('D:\\xampp\\htdocs...')
#12 {main}
CRITICAL - 2021-05-25 08:14:19 --> Cannot delete or update a parent row: a foreign key constraint fails (`ocors`.`mangachapters`, CONSTRAINT `mangachapters_ibfk_1` FOREIGN KEY (`mangaId`) REFERENCES `manga` (`id`))
#0 D:\xampp\htdocs\OCORS\OCORS-CI4\system\Database\MySQLi\Connection.php(314): mysqli->query('DELETE FROM `ma...')
#1 D:\xampp\htdocs\OCORS\OCORS-CI4\system\Database\BaseConnection.php(713): CodeIgniter\Database\MySQLi\Connection->execute('DELETE FROM `ma...')
#2 D:\xampp\htdocs\OCORS\OCORS-CI4\system\Database\BaseConnection.php(641): CodeIgniter\Database\BaseConnection->simpleQuery('DELETE FROM `ma...')
#3 D:\xampp\htdocs\OCORS\OCORS-CI4\system\Database\BaseBuilder.php(2864): CodeIgniter\Database\BaseConnection->query('DELETE FROM `ma...', Array, false)
#4 D:\xampp\htdocs\OCORS\OCORS-CI4\system\Model.php(422): CodeIgniter\Database\BaseBuilder->delete()
#5 D:\xampp\htdocs\OCORS\OCORS-CI4\system\BaseModel.php(1009): CodeIgniter\Model->doDelete(NULL, false)
#6 D:\xampp\htdocs\OCORS\OCORS-CI4\app\Controllers\Admin\Manage.php(49): CodeIgniter\BaseModel->delete()
#7 D:\xampp\htdocs\OCORS\OCORS-CI4\system\CodeIgniter.php(936): App\Controllers\Admin\Manage->delete('6')
#8 D:\xampp\htdocs\OCORS\OCORS-CI4\system\CodeIgniter.php(432): CodeIgniter\CodeIgniter->runController(Object(App\Controllers\Admin\Manage))
#9 D:\xampp\htdocs\OCORS\OCORS-CI4\system\CodeIgniter.php(333): CodeIgniter\CodeIgniter->handleRequest(NULL, Object(Config\Cache), false)
#10 D:\xampp\htdocs\OCORS\OCORS-CI4\public\index.php(44): CodeIgniter\CodeIgniter->run()
#11 D:\xampp\htdocs\OCORS\OCORS-CI4\system\Commands\Server\rewrite.php(45): require_once('D:\\xampp\\htdocs...')
#12 {main}
CRITICAL - 2021-05-25 08:19:38 --> syntax error, unexpected 'foreach' (T_FOREACH)
#0 D:\xampp\htdocs\OCORS\OCORS-CI4\system\Router\Router.php(170): CodeIgniter\Router\Router->autoRoute('admin/upload')
#1 D:\xampp\htdocs\OCORS\OCORS-CI4\system\CodeIgniter.php(816): CodeIgniter\Router\Router->handle('admin/upload')
#2 D:\xampp\htdocs\OCORS\OCORS-CI4\system\CodeIgniter.php(385): CodeIgniter\CodeIgniter->tryToRouteIt(Object(CodeIgniter\Router\RouteCollection))
#3 D:\xampp\htdocs\OCORS\OCORS-CI4\system\CodeIgniter.php(333): CodeIgniter\CodeIgniter->handleRequest(NULL, Object(Config\Cache), false)
#4 D:\xampp\htdocs\OCORS\OCORS-CI4\public\index.php(44): CodeIgniter\CodeIgniter->run()
#5 D:\xampp\htdocs\OCORS\OCORS-CI4\system\Commands\Server\rewrite.php(45): require_once('D:\\xampp\\htdocs...')
#6 {main}
CRITICAL - 2021-05-25 08:20:58 --> Undefined variable: chapter
#0 D:\xampp\htdocs\OCORS\OCORS-CI4\app\Controllers\Admin\Upload.php(65): CodeIgniter\Debug\Exceptions->errorHandler(8, 'Undefined varia...', 'D:\\xampp\\htdocs...', 65, Array)
#1 D:\xampp\htdocs\OCORS\OCORS-CI4\system\CodeIgniter.php(936): App\Controllers\Admin\Upload->save()
#2 D:\xampp\htdocs\OCORS\OCORS-CI4\system\CodeIgniter.php(432): CodeIgniter\CodeIgniter->runController(Object(App\Controllers\Admin\Upload))
#3 D:\xampp\htdocs\OCORS\OCORS-CI4\system\CodeIgniter.php(333): CodeIgniter\CodeIgniter->handleRequest(NULL, Object(Config\Cache), false)
#4 D:\xampp\htdocs\OCORS\OCORS-CI4\public\index.php(44): CodeIgniter\CodeIgniter->run()
#5 D:\xampp\htdocs\OCORS\OCORS-CI4\system\Commands\Server\rewrite.php(45): require_once('D:\\xampp\\htdocs...')
#6 {main}
CRITICAL - 2021-05-25 08:27:15 --> unlink(D:\xampp\htdocs\OCORS\OCORS-CI4\public\manga/7): Is a directory
#0 [internal function]: CodeIgniter\Debug\Exceptions->errorHandler(2, 'unlink(D:\\xampp...', 'D:\\xampp\\htdocs...', 51, Array)
#1 D:\xampp\htdocs\OCORS\OCORS-CI4\app\Controllers\Admin\Manage.php(51): unlink('D:\\xampp\\htdocs...')
#2 D:\xampp\htdocs\OCORS\OCORS-CI4\system\CodeIgniter.php(936): App\Controllers\Admin\Manage->delete('7')
#3 D:\xampp\htdocs\OCORS\OCORS-CI4\system\CodeIgniter.php(432): CodeIgniter\CodeIgniter->runController(Object(App\Controllers\Admin\Manage))
#4 D:\xampp\htdocs\OCORS\OCORS-CI4\system\CodeIgniter.php(333): CodeIgniter\CodeIgniter->handleRequest(NULL, Object(Config\Cache), false)
#5 D:\xampp\htdocs\OCORS\OCORS-CI4\public\index.php(44): CodeIgniter\CodeIgniter->run()
#6 D:\xampp\htdocs\OCORS\OCORS-CI4\system\Commands\Server\rewrite.php(45): require_once('D:\\xampp\\htdocs...')
#7 {main}
CRITICAL - 2021-05-25 08:32:44 --> syntax error, unexpected 'return' (T_RETURN)
#0 D:\xampp\htdocs\OCORS\OCORS-CI4\system\Autoloader\Autoloader.php(265): CodeIgniter\Autoloader\Autoloader->includeFile('D:\\xampp\\htdocs...')
#1 D:\xampp\htdocs\OCORS\OCORS-CI4\system\Autoloader\Autoloader.php(228): CodeIgniter\Autoloader\Autoloader->loadInNamespace('App\\Controllers...')
#2 [internal function]: CodeIgniter\Autoloader\Autoloader->loadClass('App\\Controllers...')
#3 [internal function]: spl_autoload_call('App\\Controllers...')
#4 D:\xampp\htdocs\OCORS\OCORS-CI4\system\CodeIgniter.php(893): class_exists('\\App\\Controller...', true)
#5 D:\xampp\htdocs\OCORS\OCORS-CI4\system\CodeIgniter.php(417): CodeIgniter\CodeIgniter->startController()
#6 D:\xampp\htdocs\OCORS\OCORS-CI4\system\CodeIgniter.php(333): CodeIgniter\CodeIgniter->handleRequest(NULL, Object(Config\Cache), false)
#7 D:\xampp\htdocs\OCORS\OCORS-CI4\public\index.php(44): CodeIgniter\CodeIgniter->run()
#8 D:\xampp\htdocs\OCORS\OCORS-CI4\system\Commands\Server\rewrite.php(45): require_once('D:\\xampp\\htdocs...')
#9 {main}
CRITICAL - 2021-05-25 08:50:41 --> Call to undefined method App\Controllers\Admin\Manage::session()
#0 D:\xampp\htdocs\OCORS\OCORS-CI4\system\CodeIgniter.php(936): App\Controllers\Admin\Manage->edit('2')
#1 D:\xampp\htdocs\OCORS\OCORS-CI4\system\CodeIgniter.php(432): CodeIgniter\CodeIgniter->runController(Object(App\Controllers\Admin\Manage))
#2 D:\xampp\htdocs\OCORS\OCORS-CI4\system\CodeIgniter.php(333): CodeIgniter\CodeIgniter->handleRequest(NULL, Object(Config\Cache), false)
#3 D:\xampp\htdocs\OCORS\OCORS-CI4\public\index.php(44): CodeIgniter\CodeIgniter->run()
#4 D:\xampp\htdocs\OCORS\OCORS-CI4\system\Commands\Server\rewrite.php(45): require_once('D:\\xampp\\htdocs...')
#5 {main}
CRITICAL - 2021-05-25 08:50:51 --> Call to undefined function App\Controllers\Admin\set()
#0 D:\xampp\htdocs\OCORS\OCORS-CI4\system\CodeIgniter.php(936): App\Controllers\Admin\Manage->edit('2')
#1 D:\xampp\htdocs\OCORS\OCORS-CI4\system\CodeIgniter.php(432): CodeIgniter\CodeIgniter->runController(Object(App\Controllers\Admin\Manage))
#2 D:\xampp\htdocs\OCORS\OCORS-CI4\system\CodeIgniter.php(333): CodeIgniter\CodeIgniter->handleRequest(NULL, Object(Config\Cache), false)
#3 D:\xampp\htdocs\OCORS\OCORS-CI4\public\index.php(44): CodeIgniter\CodeIgniter->run()
#4 D:\xampp\htdocs\OCORS\OCORS-CI4\system\Commands\Server\rewrite.php(45): require_once('D:\\xampp\\htdocs...')
#5 {main}
CRITICAL - 2021-05-25 08:51:07 --> Call to undefined function App\Controllers\Admin\set()
#0 D:\xampp\htdocs\OCORS\OCORS-CI4\system\CodeIgniter.php(936): App\Controllers\Admin\Manage->edit('2')
#1 D:\xampp\htdocs\OCORS\OCORS-CI4\system\CodeIgniter.php(432): CodeIgniter\CodeIgniter->runController(Object(App\Controllers\Admin\Manage))
#2 D:\xampp\htdocs\OCORS\OCORS-CI4\system\CodeIgniter.php(333): CodeIgniter\CodeIgniter->handleRequest(NULL, Object(Config\Cache), false)
#3 D:\xampp\htdocs\OCORS\OCORS-CI4\public\index.php(44): CodeIgniter\CodeIgniter->run()
#4 D:\xampp\htdocs\OCORS\OCORS-CI4\system\Commands\Server\rewrite.php(45): require_once('D:\\xampp\\htdocs...')
#5 {main}
CRITICAL - 2021-05-25 08:51:28 --> Call to undefined function App\Controllers\Admin\set()
#0 D:\xampp\htdocs\OCORS\OCORS-CI4\system\CodeIgniter.php(936): App\Controllers\Admin\Manage->edit('2')
#1 D:\xampp\htdocs\OCORS\OCORS-CI4\system\CodeIgniter.php(432): CodeIgniter\CodeIgniter->runController(Object(App\Controllers\Admin\Manage))
#2 D:\xampp\htdocs\OCORS\OCORS-CI4\system\CodeIgniter.php(333): CodeIgniter\CodeIgniter->handleRequest(NULL, Object(Config\Cache), false)
#3 D:\xampp\htdocs\OCORS\OCORS-CI4\public\index.php(44): CodeIgniter\CodeIgniter->run()
#4 D:\xampp\htdocs\OCORS\OCORS-CI4\system\Commands\Server\rewrite.php(45): require_once('D:\\xampp\\htdocs...')
#5 {main}
CRITICAL - 2021-05-25 08:51:38 --> Undefined variable: mangas
#0 D:\xampp\htdocs\OCORS\OCORS-CI4\app\Controllers\Admin\Manage.php(65): CodeIgniter\Debug\Exceptions->errorHandler(8, 'Undefined varia...', 'D:\\xampp\\htdocs...', 65, Array)
#1 D:\xampp\htdocs\OCORS\OCORS-CI4\system\CodeIgniter.php(936): App\Controllers\Admin\Manage->edit('2')
#2 D:\xampp\htdocs\OCORS\OCORS-CI4\system\CodeIgniter.php(432): CodeIgniter\CodeIgniter->runController(Object(App\Controllers\Admin\Manage))
#3 D:\xampp\htdocs\OCORS\OCORS-CI4\system\CodeIgniter.php(333): CodeIgniter\CodeIgniter->handleRequest(NULL, Object(Config\Cache), false)
#4 D:\xampp\htdocs\OCORS\OCORS-CI4\public\index.php(44): CodeIgniter\CodeIgniter->run()
#5 D:\xampp\htdocs\OCORS\OCORS-CI4\system\Commands\Server\rewrite.php(45): require_once('D:\\xampp\\htdocs...')
#6 {main}
CRITICAL - 2021-05-25 08:51:48 --> Undefined variable: user
#0 D:\xampp\htdocs\OCORS\OCORS-CI4\app\Controllers\Admin\Manage.php(65): CodeIgniter\Debug\Exceptions->errorHandler(8, 'Undefined varia...', 'D:\\xampp\\htdocs...', 65, Array)
#1 D:\xampp\htdocs\OCORS\OCORS-CI4\system\CodeIgniter.php(936): App\Controllers\Admin\Manage->edit('2')
#2 D:\xampp\htdocs\OCORS\OCORS-CI4\system\CodeIgniter.php(432): CodeIgniter\CodeIgniter->runController(Object(App\Controllers\Admin\Manage))
#3 D:\xampp\htdocs\OCORS\OCORS-CI4\system\CodeIgniter.php(333): CodeIgniter\CodeIgniter->handleRequest(NULL, Object(Config\Cache), false)
#4 D:\xampp\htdocs\OCORS\OCORS-CI4\public\index.php(44): CodeIgniter\CodeIgniter->run()
#5 D:\xampp\htdocs\OCORS\OCORS-CI4\system\Commands\Server\rewrite.php(45): require_once('D:\\xampp\\htdocs...')
#6 {main}
CRITICAL - 2021-05-25 08:53:43 --> Call to undefined method App\Controllers\Admin\Upload::session()
#0 D:\xampp\htdocs\OCORS\OCORS-CI4\system\CodeIgniter.php(936): App\Controllers\Admin\Upload->index()
#1 D:\xampp\htdocs\OCORS\OCORS-CI4\system\CodeIgniter.php(432): CodeIgniter\CodeIgniter->runController(Object(App\Controllers\Admin\Upload))
#2 D:\xampp\htdocs\OCORS\OCORS-CI4\system\CodeIgniter.php(333): CodeIgniter\CodeIgniter->handleRequest(NULL, Object(Config\Cache), false)
#3 D:\xampp\htdocs\OCORS\OCORS-CI4\public\index.php(44): CodeIgniter\CodeIgniter->run()
#4 D:\xampp\htdocs\OCORS\OCORS-CI4\system\Commands\Server\rewrite.php(45): require_once('D:\\xampp\\htdocs...')
#5 {main}
CRITICAL - 2021-05-25 08:54:07 --> Call to undefined method App\Controllers\Admin\Upload::session()
#0 D:\xampp\htdocs\OCORS\OCORS-CI4\system\CodeIgniter.php(936): App\Controllers\Admin\Upload->index()
#1 D:\xampp\htdocs\OCORS\OCORS-CI4\system\CodeIgniter.php(432): CodeIgniter\CodeIgniter->runController(Object(App\Controllers\Admin\Upload))
#2 D:\xampp\htdocs\OCORS\OCORS-CI4\system\CodeIgniter.php(333): CodeIgniter\CodeIgniter->handleRequest(NULL, Object(Config\Cache), false)
#3 D:\xampp\htdocs\OCORS\OCORS-CI4\public\index.php(44): CodeIgniter\CodeIgniter->run()
#4 D:\xampp\htdocs\OCORS\OCORS-CI4\system\Commands\Server\rewrite.php(45): require_once('D:\\xampp\\htdocs...')
#5 {main}
CRITICAL - 2021-05-25 08:54:58 --> syntax error, unexpected 'else' (T_ELSE), expecting end of file
#0 D:\xampp\htdocs\OCORS\OCORS-CI4\system\View\View.php(222): CodeIgniter\View\View->CodeIgniter\View\{closure}()
#1 D:\xampp\htdocs\OCORS\OCORS-CI4\system\Common.php(1217): CodeIgniter\View\View->render('Admin/upload', Array, true)
#2 D:\xampp\htdocs\OCORS\OCORS-CI4\app\Controllers\Admin\Upload.php(39): view('Admin/upload', Array)
#3 D:\xampp\htdocs\OCORS\OCORS-CI4\system\CodeIgniter.php(936): App\Controllers\Admin\Upload->index()
#4 D:\xampp\htdocs\OCORS\OCORS-CI4\system\CodeIgniter.php(432): CodeIgniter\CodeIgniter->runController(Object(App\Controllers\Admin\Upload))
#5 D:\xampp\htdocs\OCORS\OCORS-CI4\system\CodeIgniter.php(333): CodeIgniter\CodeIgniter->handleRequest(NULL, Object(Config\Cache), false)
#6 D:\xampp\htdocs\OCORS\OCORS-CI4\public\index.php(44): CodeIgniter\CodeIgniter->run()
#7 D:\xampp\htdocs\OCORS\OCORS-CI4\system\Commands\Server\rewrite.php(45): require_once('D:\\xampp\\htdocs...')
#8 {main}
CRITICAL - 2021-05-25 08:55:05 --> syntax error, unexpected 'else' (T_ELSE), expecting end of file
#0 D:\xampp\htdocs\OCORS\OCORS-CI4\system\View\View.php(222): CodeIgniter\View\View->CodeIgniter\View\{closure}()
#1 D:\xampp\htdocs\OCORS\OCORS-CI4\system\Common.php(1217): CodeIgniter\View\View->render('Admin/upload', Array, true)
#2 D:\xampp\htdocs\OCORS\OCORS-CI4\app\Controllers\Admin\Upload.php(39): view('Admin/upload', Array)
#3 D:\xampp\htdocs\OCORS\OCORS-CI4\system\CodeIgniter.php(936): App\Controllers\Admin\Upload->index()
#4 D:\xampp\htdocs\OCORS\OCORS-CI4\system\CodeIgniter.php(432): CodeIgniter\CodeIgniter->runController(Object(App\Controllers\Admin\Upload))
#5 D:\xampp\htdocs\OCORS\OCORS-CI4\system\CodeIgniter.php(333): CodeIgniter\CodeIgniter->handleRequest(NULL, Object(Config\Cache), false)
#6 D:\xampp\htdocs\OCORS\OCORS-CI4\public\index.php(44): CodeIgniter\CodeIgniter->run()
#7 D:\xampp\htdocs\OCORS\OCORS-CI4\system\Commands\Server\rewrite.php(45): require_once('D:\\xampp\\htdocs...')
#8 {main}
CRITICAL - 2021-05-25 08:56:57 --> Call to undefined method App\Models\LoadManga::findFirst
#0 D:\xampp\htdocs\OCORS\OCORS-CI4\app\Controllers\Admin\Manage.php(64): CodeIgniter\Model->__call('findFirst', Array)
#1 D:\xampp\htdocs\OCORS\OCORS-CI4\system\CodeIgniter.php(936): App\Controllers\Admin\Manage->edit('2')
#2 D:\xampp\htdocs\OCORS\OCORS-CI4\system\CodeIgniter.php(432): CodeIgniter\CodeIgniter->runController(Object(App\Controllers\Admin\Manage))
#3 D:\xampp\htdocs\OCORS\OCORS-CI4\system\CodeIgniter.php(333): CodeIgniter\CodeIgniter->handleRequest(NULL, Object(Config\Cache), false)
#4 D:\xampp\htdocs\OCORS\OCORS-CI4\public\index.php(44): CodeIgniter\CodeIgniter->run()
#5 D:\xampp\htdocs\OCORS\OCORS-CI4\system\Commands\Server\rewrite.php(45): require_once('D:\\xampp\\htdocs...')
#6 {main}
CRITICAL - 2021-05-25 08:57:57 --> Undefined index: dekripsi
#0 D:\xampp\htdocs\OCORS\OCORS-CI4\app\Controllers\Admin\Manage.php(77): CodeIgniter\Debug\Exceptions->errorHandler(8, 'Undefined index...', 'D:\\xampp\\htdocs...', 77, Array)
#1 D:\xampp\htdocs\OCORS\OCORS-CI4\system\CodeIgniter.php(936): App\Controllers\Admin\Manage->edit('2')
#2 D:\xampp\htdocs\OCORS\OCORS-CI4\system\CodeIgniter.php(432): CodeIgniter\CodeIgniter->runController(Object(App\Controllers\Admin\Manage))
#3 D:\xampp\htdocs\OCORS\OCORS-CI4\system\CodeIgniter.php(333): CodeIgniter\CodeIgniter->handleRequest(NULL, Object(Config\Cache), false)
#4 D:\xampp\htdocs\OCORS\OCORS-CI4\public\index.php(44): CodeIgniter\CodeIgniter->run()
#5 D:\xampp\htdocs\OCORS\OCORS-CI4\system\Commands\Server\rewrite.php(45): require_once('D:\\xampp\\htdocs...')
#6 {main}
CRITICAL - 2021-05-25 08:59:08 --> Array to string conversion
#0 D:\xampp\htdocs\OCORS\OCORS-CI4\app\Views\Admin\upload.php(93): CodeIgniter\Debug\Exceptions->errorHandler(8, 'Array to string...', 'D:\\xampp\\htdocs...', 93, Array)
#1 D:\xampp\htdocs\OCORS\OCORS-CI4\system\View\View.php(220): include('D:\\xampp\\htdocs...')
#2 D:\xampp\htdocs\OCORS\OCORS-CI4\system\View\View.php(222): CodeIgniter\View\View->CodeIgniter\View\{closure}()
#3 D:\xampp\htdocs\OCORS\OCORS-CI4\system\Common.php(1217): CodeIgniter\View\View->render('Admin/upload', Array, true)
#4 D:\xampp\htdocs\OCORS\OCORS-CI4\app\Controllers\Admin\Manage.php(81): view('Admin/upload', Array)
#5 D:\xampp\htdocs\OCORS\OCORS-CI4\system\CodeIgniter.php(936): App\Controllers\Admin\Manage->edit('2')
#6 D:\xampp\htdocs\OCORS\OCORS-CI4\system\CodeIgniter.php(432): CodeIgniter\CodeIgniter->runController(Object(App\Controllers\Admin\Manage))
#7 D:\xampp\htdocs\OCORS\OCORS-CI4\system\CodeIgniter.php(333): CodeIgniter\CodeIgniter->handleRequest(NULL, Object(Config\Cache), false)
#8 D:\xampp\htdocs\OCORS\OCORS-CI4\public\index.php(44): CodeIgniter\CodeIgniter->run()
#9 D:\xampp\htdocs\OCORS\OCORS-CI4\system\Commands\Server\rewrite.php(45): require_once('D:\\xampp\\htdocs...')
#10 {main}
CRITICAL - 2021-05-25 09:09:38 --> syntax error, unexpected '$model2' (T_VARIABLE)
#0 D:\xampp\htdocs\OCORS\OCORS-CI4\system\Router\Router.php(170): CodeIgniter\Router\Router->autoRoute('admin/manage')
#1 D:\xampp\htdocs\OCORS\OCORS-CI4\system\CodeIgniter.php(816): CodeIgniter\Router\Router->handle('admin/manage')
#2 D:\xampp\htdocs\OCORS\OCORS-CI4\system\CodeIgniter.php(385): CodeIgniter\CodeIgniter->tryToRouteIt(Object(CodeIgniter\Router\RouteCollection))
#3 D:\xampp\htdocs\OCORS\OCORS-CI4\system\CodeIgniter.php(333): CodeIgniter\CodeIgniter->handleRequest(NULL, Object(Config\Cache), false)
#4 D:\xampp\htdocs\OCORS\OCORS-CI4\public\index.php(44): CodeIgniter\CodeIgniter->run()
#5 D:\xampp\htdocs\OCORS\OCORS-CI4\system\Commands\Server\rewrite.php(45): require_once('D:\\xampp\\htdocs...')
#6 {main}
CRITICAL - 2021-05-25 09:09:53 --> syntax error, unexpected 'if' (T_IF)
#0 D:\xampp\htdocs\OCORS\OCORS-CI4\system\Router\Router.php(170): CodeIgniter\Router\Router->autoRoute('admin/manage')
#1 D:\xampp\htdocs\OCORS\OCORS-CI4\system\CodeIgniter.php(816): CodeIgniter\Router\Router->handle('admin/manage')
#2 D:\xampp\htdocs\OCORS\OCORS-CI4\system\CodeIgniter.php(385): CodeIgniter\CodeIgniter->tryToRouteIt(Object(CodeIgniter\Router\RouteCollection))
#3 D:\xampp\htdocs\OCORS\OCORS-CI4\system\CodeIgniter.php(333): CodeIgniter\CodeIgniter->handleRequest(NULL, Object(Config\Cache), false)
#4 D:\xampp\htdocs\OCORS\OCORS-CI4\public\index.php(44): CodeIgniter\CodeIgniter->run()
#5 D:\xampp\htdocs\OCORS\OCORS-CI4\system\Commands\Server\rewrite.php(45): require_once('D:\\xampp\\htdocs...')
#6 {main}
CRITICAL - 2021-05-25 09:10:14 --> syntax error, unexpected 'if' (T_IF)
#0 D:\xampp\htdocs\OCORS\OCORS-CI4\system\Router\Router.php(170): CodeIgniter\Router\Router->autoRoute('admin/manage')
#1 D:\xampp\htdocs\OCORS\OCORS-CI4\system\CodeIgniter.php(816): CodeIgniter\Router\Router->handle('admin/manage')
#2 D:\xampp\htdocs\OCORS\OCORS-CI4\system\CodeIgniter.php(385): CodeIgniter\CodeIgniter->tryToRouteIt(Object(CodeIgniter\Router\RouteCollection))
#3 D:\xampp\htdocs\OCORS\OCORS-CI4\system\CodeIgniter.php(333): CodeIgniter\CodeIgniter->handleRequest(NULL, Object(Config\Cache), false)
#4 D:\xampp\htdocs\OCORS\OCORS-CI4\public\index.php(44): CodeIgniter\CodeIgniter->run()
#5 D:\xampp\htdocs\OCORS\OCORS-CI4\system\Commands\Server\rewrite.php(45): require_once('D:\\xampp\\htdocs...')
#6 {main}
CRITICAL - 2021-05-25 09:10:19 --> syntax error, unexpected 'if' (T_IF)
#0 D:\xampp\htdocs\OCORS\OCORS-CI4\system\Router\Router.php(170): CodeIgniter\Router\Router->autoRoute('admin/manage')
#1 D:\xampp\htdocs\OCORS\OCORS-CI4\system\CodeIgniter.php(816): CodeIgniter\Router\Router->handle('admin/manage')
#2 D:\xampp\htdocs\OCORS\OCORS-CI4\system\CodeIgniter.php(385): CodeIgniter\CodeIgniter->tryToRouteIt(Object(CodeIgniter\Router\RouteCollection))
#3 D:\xampp\htdocs\OCORS\OCORS-CI4\system\CodeIgniter.php(333): CodeIgniter\CodeIgniter->handleRequest(NULL, Object(Config\Cache), false)
#4 D:\xampp\htdocs\OCORS\OCORS-CI4\public\index.php(44): CodeIgniter\CodeIgniter->run()
#5 D:\xampp\htdocs\OCORS\OCORS-CI4\system\Commands\Server\rewrite.php(45): require_once('D:\\xampp\\htdocs...')
#6 {main}
CRITICAL - 2021-05-25 09:10:25 --> syntax error, unexpected 'if' (T_IF)
#0 D:\xampp\htdocs\OCORS\OCORS-CI4\system\Router\Router.php(170): CodeIgniter\Router\Router->autoRoute('admin/manage')
#1 D:\xampp\htdocs\OCORS\OCORS-CI4\system\CodeIgniter.php(816): CodeIgniter\Router\Router->handle('admin/manage')
#2 D:\xampp\htdocs\OCORS\OCORS-CI4\system\CodeIgniter.php(385): CodeIgniter\CodeIgniter->tryToRouteIt(Object(CodeIgniter\Router\RouteCollection))
#3 D:\xampp\htdocs\OCORS\OCORS-CI4\system\CodeIgniter.php(333): CodeIgniter\CodeIgniter->handleRequest(NULL, Object(Config\Cache), false)
#4 D:\xampp\htdocs\OCORS\OCORS-CI4\public\index.php(44): CodeIgniter\CodeIgniter->run()
#5 D:\xampp\htdocs\OCORS\OCORS-CI4\system\Commands\Server\rewrite.php(45): require_once('D:\\xampp\\htdocs...')
#6 {main}
CRITICAL - 2021-05-25 09:15:29 --> The original file is not a valid file.
#0 D:\xampp\htdocs\OCORS\OCORS-CI4\system\HTTP\Files\UploadedFile.php(143): CodeIgniter\HTTP\Exceptions\HTTPException::forInvalidFile()
#1 D:\xampp\htdocs\OCORS\OCORS-CI4\app\Controllers\Admin\Manage.php(115): CodeIgniter\HTTP\Files\UploadedFile->move('D:\\xampp\\htdocs...', '7.png')
#2 D:\xampp\htdocs\OCORS\OCORS-CI4\system\CodeIgniter.php(936): App\Controllers\Admin\Manage->save('2')
#3 D:\xampp\htdocs\OCORS\OCORS-CI4\system\CodeIgniter.php(432): CodeIgniter\CodeIgniter->runController(Object(App\Controllers\Admin\Manage))
#4 D:\xampp\htdocs\OCORS\OCORS-CI4\system\CodeIgniter.php(333): CodeIgniter\CodeIgniter->handleRequest(NULL, Object(Config\Cache), false)
#5 D:\xampp\htdocs\OCORS\OCORS-CI4\public\index.php(44): CodeIgniter\CodeIgniter->run()
#6 D:\xampp\htdocs\OCORS\OCORS-CI4\system\Commands\Server\rewrite.php(45): require_once('D:\\xampp\\htdocs...')
#7 {main}
CRITICAL - 2021-05-25 09:16:03 --> There is no data to update.
#0 D:\xampp\htdocs\OCORS\OCORS-CI4\system\BaseModel.php(1682): CodeIgniter\Database\Exceptions\DataException::forEmptyDataset('update')
#1 D:\xampp\htdocs\OCORS\OCORS-CI4\system\BaseModel.php(864): CodeIgniter\BaseModel->transformDataToArray(NULL, 'update')
#2 D:\xampp\htdocs\OCORS\OCORS-CI4\system\Model.php(737): CodeIgniter\BaseModel->update(Array, NULL)
#3 D:\xampp\htdocs\OCORS\OCORS-CI4\app\Controllers\Admin\Manage.php(124): CodeIgniter\Model->update(Array)
#4 D:\xampp\htdocs\OCORS\OCORS-CI4\system\CodeIgniter.php(936): App\Controllers\Admin\Manage->save('2')
#5 D:\xampp\htdocs\OCORS\OCORS-CI4\system\CodeIgniter.php(432): CodeIgniter\CodeIgniter->runController(Object(App\Controllers\Admin\Manage))
#6 D:\xampp\htdocs\OCORS\OCORS-CI4\system\CodeIgniter.php(333): CodeIgniter\CodeIgniter->handleRequest(NULL, Object(Config\Cache), false)
#7 D:\xampp\htdocs\OCORS\OCORS-CI4\public\index.php(44): CodeIgniter\CodeIgniter->run()
#8 D:\xampp\htdocs\OCORS\OCORS-CI4\system\Commands\Server\rewrite.php(45): require_once('D:\\xampp\\htdocs...')
#9 {main}
CRITICAL - 2021-05-25 09:16:46 --> There is no data to update.
#0 D:\xampp\htdocs\OCORS\OCORS-CI4\system\BaseModel.php(1682): CodeIgniter\Database\Exceptions\DataException::forEmptyDataset('update')
#1 D:\xampp\htdocs\OCORS\OCORS-CI4\system\BaseModel.php(864): CodeIgniter\BaseModel->transformDataToArray(NULL, 'update')
#2 D:\xampp\htdocs\OCORS\OCORS-CI4\system\Model.php(737): CodeIgniter\BaseModel->update(Array, NULL)
#3 D:\xampp\htdocs\OCORS\OCORS-CI4\app\Controllers\Admin\Manage.php(124): CodeIgniter\Model->update(Array)
#4 D:\xampp\htdocs\OCORS\OCORS-CI4\system\CodeIgniter.php(936): App\Controllers\Admin\Manage->save('3')
#5 D:\xampp\htdocs\OCORS\OCORS-CI4\system\CodeIgniter.php(432): CodeIgniter\CodeIgniter->runController(Object(App\Controllers\Admin\Manage))
#6 D:\xampp\htdocs\OCORS\OCORS-CI4\system\CodeIgniter.php(333): CodeIgniter\CodeIgniter->handleRequest(NULL, Object(Config\Cache), false)
#7 D:\xampp\htdocs\OCORS\OCORS-CI4\public\index.php(44): CodeIgniter\CodeIgniter->run()
#8 D:\xampp\htdocs\OCORS\OCORS-CI4\system\Commands\Server\rewrite.php(45): require_once('D:\\xampp\\htdocs...')
#9 {main}
CRITICAL - 2021-05-25 09:16:46 --> There is no data to update.
#0 D:\xampp\htdocs\OCORS\OCORS-CI4\system\BaseModel.php(1682): CodeIgniter\Database\Exceptions\DataException::forEmptyDataset('update')
#1 D:\xampp\htdocs\OCORS\OCORS-CI4\system\BaseModel.php(864): CodeIgniter\BaseModel->transformDataToArray(NULL, 'update')
#2 D:\xampp\htdocs\OCORS\OCORS-CI4\system\Model.php(737): CodeIgniter\BaseModel->update(Array, NULL)
#3 D:\xampp\htdocs\OCORS\OCORS-CI4\app\Controllers\Admin\Manage.php(124): CodeIgniter\Model->update(Array)
#4 D:\xampp\htdocs\OCORS\OCORS-CI4\system\CodeIgniter.php(936): App\Controllers\Admin\Manage->save('3')
#5 D:\xampp\htdocs\OCORS\OCORS-CI4\system\CodeIgniter.php(432): CodeIgniter\CodeIgniter->runController(Object(App\Controllers\Admin\Manage))
#6 D:\xampp\htdocs\OCORS\OCORS-CI4\system\CodeIgniter.php(333): CodeIgniter\CodeIgniter->handleRequest(NULL, Object(Config\Cache), false)
#7 D:\xampp\htdocs\OCORS\OCORS-CI4\public\index.php(44): CodeIgniter\CodeIgniter->run()
#8 D:\xampp\htdocs\OCORS\OCORS-CI4\system\Commands\Server\rewrite.php(45): require_once('D:\\xampp\\htdocs...')
#9 {main}
CRITICAL - 2021-05-25 09:20:19 --> Call to undefined method App\Controllers\Admin\Upload::session()
#0 D:\xampp\htdocs\OCORS\OCORS-CI4\system\CodeIgniter.php(936): App\Controllers\Admin\Upload->save()
#1 D:\xampp\htdocs\OCORS\OCORS-CI4\system\CodeIgniter.php(432): CodeIgniter\CodeIgniter->runController(Object(App\Controllers\Admin\Upload))
#2 D:\xampp\htdocs\OCORS\OCORS-CI4\system\CodeIgniter.php(333): CodeIgniter\CodeIgniter->handleRequest(NULL, Object(Config\Cache), false)
#3 D:\xampp\htdocs\OCORS\OCORS-CI4\public\index.php(44): CodeIgniter\CodeIgniter->run()
#4 D:\xampp\htdocs\OCORS\OCORS-CI4\system\Commands\Server\rewrite.php(45): require_once('D:\\xampp\\htdocs...')
#5 {main}
CRITICAL - 2021-05-25 09:21:49 --> rmdir(D:\xampp\htdocs\OCORS\OCORS-CI4\public\manga/4): Directory not empty
#0 [internal function]: CodeIgniter\Debug\Exceptions->errorHandler(2, 'rmdir(D:\\xampp\\...', 'D:\\xampp\\htdocs...', 52, Array)
#1 D:\xampp\htdocs\OCORS\OCORS-CI4\app\Controllers\Admin\Manage.php(52): rmdir('D:\\xampp\\htdocs...')
#2 D:\xampp\htdocs\OCORS\OCORS-CI4\system\CodeIgniter.php(936): App\Controllers\Admin\Manage->delete('4')
#3 D:\xampp\htdocs\OCORS\OCORS-CI4\system\CodeIgniter.php(432): CodeIgniter\CodeIgniter->runController(Object(App\Controllers\Admin\Manage))
#4 D:\xampp\htdocs\OCORS\OCORS-CI4\system\CodeIgniter.php(333): CodeIgniter\CodeIgniter->handleRequest(NULL, Object(Config\Cache), false)
#5 D:\xampp\htdocs\OCORS\OCORS-CI4\public\index.php(44): CodeIgniter\CodeIgniter->run()
#6 D:\xampp\htdocs\OCORS\OCORS-CI4\system\Commands\Server\rewrite.php(45): require_once('D:\\xampp\\htdocs...')
#7 {main}
CRITICAL - 2021-05-25 09:22:29 --> rmdir(D:\xampp\htdocs\OCORS\OCORS-CI4\public\manga/9): Directory not empty
#0 [internal function]: CodeIgniter\Debug\Exceptions->errorHandler(2, 'rmdir(D:\\xampp\\...', 'D:\\xampp\\htdocs...', 52, Array)
#1 D:\xampp\htdocs\OCORS\OCORS-CI4\app\Controllers\Admin\Manage.php(52): rmdir('D:\\xampp\\htdocs...')
#2 D:\xampp\htdocs\OCORS\OCORS-CI4\system\CodeIgniter.php(936): App\Controllers\Admin\Manage->delete('9')
#3 D:\xampp\htdocs\OCORS\OCORS-CI4\system\CodeIgniter.php(432): CodeIgniter\CodeIgniter->runController(Object(App\Controllers\Admin\Manage))
#4 D:\xampp\htdocs\OCORS\OCORS-CI4\system\CodeIgniter.php(333): CodeIgniter\CodeIgniter->handleRequest(NULL, Object(Config\Cache), false)
#5 D:\xampp\htdocs\OCORS\OCORS-CI4\public\index.php(44): CodeIgniter\CodeIgniter->run()
#6 D:\xampp\htdocs\OCORS\OCORS-CI4\system\Commands\Server\rewrite.php(45): require_once('D:\\xampp\\htdocs...')
#7 {main}
